<?xml version="1.0" encoding="UTF-8"?>
<robot generator="Robot 4.0.3 (Python 3.9.5 on win32)" generated="20210729 16:19:57.921" rpa="false" schemaversion="2">
<suite id="s1" name="Home" source="C:\Scale\DiviHub\app\home.robot">
<test id="s1-t1" name="Deve abrir a tela inicial">
<kw name="Open Application" library="AppiumLibrary">
<arg>http://localhost:4723/wd/hub</arg>
<arg>noReset=true</arg>
<arg>deviceName=Emulator</arg>
<arg>platformVersion=10</arg>
<arg>appPackage=br.com.divihub</arg>
<arg>appActivity=MainActivity</arg>
<arg>platformName=android</arg>
<arg>udid=emulator-5554</arg>
<arg>app=${EXECDIR}app/divihub.apk</arg>
<doc>Opens a new application to given Appium server.
Capabilities of appium server, Android and iOS,
Please check https://github.com/appium/appium/blob/master/docs/en/writing-running-appium/server-args.md
| *Option*            | *Man.* | *Description*     |
| remote_url          | Yes    | Appium server url |
| alias               | no     | alias             |</doc>
<kw name="Capture Page Screenshot" library="AppiumLibrary">
<doc>Takes a screenshot of the current page and embeds it into the log.</doc>
<msg timestamp="20210729 16:20:00.191" level="FAIL">No application is open</msg>
<status status="FAIL" starttime="20210729 16:20:00.189" endtime="20210729 16:20:00.191"/>
</kw>
<msg timestamp="20210729 16:20:00.192" level="WARN">Keyword 'Capture Page Screenshot' could not be run on failure: No application is open</msg>
<msg timestamp="20210729 16:20:00.194" level="FAIL">WebDriverException: Message: An unknown server-side error occurred while processing the command. Original error: The application at 'C:\Scale\DiviHub\appapp/divihub.apk' does not exist or is not accessible
</msg>
<status status="FAIL" starttime="20210729 16:19:58.056" endtime="20210729 16:20:00.194"/>
</kw>
<kw name="Wait untill Page Contains">
<arg>PROJETOS</arg>
<arg>5</arg>
<status status="NOT RUN" starttime="20210729 16:20:00.196" endtime="20210729 16:20:00.196"/>
</kw>
<kw name="Close Application" library="AppiumLibrary">
<doc>Closes the current application and also close webdriver session.</doc>
<status status="NOT RUN" starttime="20210729 16:20:00.197" endtime="20210729 16:20:00.197"/>
</kw>
<status status="FAIL" starttime="20210729 16:19:58.056" endtime="20210729 16:20:00.197">WebDriverException: Message: An unknown server-side error occurred while processing the command. Original error: The application at 'C:\Scale\DiviHub\appapp/divihub.apk' does not exist or is not accessible
</status>
</test>
<status status="FAIL" starttime="20210729 16:19:57.922" endtime="20210729 16:20:00.199"/>
</suite>
<statistics>
<total>
<stat pass="0" fail="1" skip="0">All Tests</stat>
</total>
<tag>
</tag>
<suite>
<stat pass="0" fail="1" skip="0" id="s1" name="Home">Home</stat>
</suite>
</statistics>
<errors>
<msg timestamp="20210729 16:20:00.192" level="WARN">Keyword 'Capture Page Screenshot' could not be run on failure: No application is open</msg>
</errors>
</robot>
