<?xml version="1.0" encoding="UTF-8"?>
<robot generator="Robot 4.0.3 (Python 3.9.5 on win32)" generated="20210802 13:41:10.843" rpa="false" schemaversion="2">
<suite id="s1" name="Compra" source="C:\Scale\DiviHub\tests\compra.robot">
<test id="s1-t1" name="Deve efetuar compra de divi com sucesso">
<kw name="Open Session" library="base" type="SETUP">
<kw name="Set Appium Timeout" library="AppiumLibrary">
<arg>3</arg>
<doc>Sets the timeout in seconds used by various keywords.</doc>
<status status="PASS" starttime="20210802 13:41:10.980" endtime="20210802 13:41:10.981"/>
</kw>
<kw name="Open Application" library="AppiumLibrary">
<arg>http://localhost:4723/wd/hub</arg>
<arg>noReset=true</arg>
<arg>deviceName=Emulator</arg>
<arg>platformVersion=10</arg>
<arg>appPackage=br.com.divihub</arg>
<arg>appActivity=MainActivity</arg>
<arg>platformName=android</arg>
<arg>udid=emulator-5554</arg>
<arg>app=${EXECDIR}/app/divihub.apk</arg>
<doc>Opens a new application to given Appium server.
Capabilities of appium server, Android and iOS,
Please check https://github.com/appium/appium/blob/master/docs/en/writing-running-appium/server-args.md
| *Option*            | *Man.* | *Description*     |
| remote_url          | Yes    | Appium server url |
| alias               | no     | alias             |</doc>
<status status="PASS" starttime="20210802 13:41:10.981" endtime="20210802 13:41:28.871"/>
</kw>
<status status="PASS" starttime="20210802 13:41:10.980" endtime="20210802 13:41:28.871"/>
</kw>
<kw name="Wait Until Page Contains" library="AppiumLibrary">
<arg>Login</arg>
<doc>Waits until `text` appears on current page.</doc>
<status status="PASS" starttime="20210802 13:41:28.872" endtime="20210802 13:41:32.159"/>
</kw>
<kw name="Click Text" library="AppiumLibrary">
<arg>Login</arg>
<doc>Click text identified by ``text``.</doc>
<status status="PASS" starttime="20210802 13:41:32.160" endtime="20210802 13:41:32.389"/>
</kw>
<kw name="Wait Until Page Contains" library="AppiumLibrary">
<arg>Ainda não é cadastrado?</arg>
<doc>Waits until `text` appears on current page.</doc>
<status status="PASS" starttime="20210802 13:41:32.390" endtime="20210802 13:41:33.365"/>
</kw>
<kw name="Input Text" library="AppiumLibrary">
<arg>xpath=/hierarchy/android.widget.FrameLayout/android.widget.LinearLayout/android.widget.FrameLayout/android.widget.LinearLayout/android.widget.FrameLayout/android.widget.FrameLayout/android.view.ViewGroup/android.view.ViewGroup/android.view.ViewGroup[2]/android.view.ViewGroup/android.view.ViewGroup[2]/android.view.ViewGroup/android.view.ViewGroup[1]/android.view.ViewGroup/android.view.ViewGroup/android.view.ViewGroup[1]/android.view.ViewGroup/android.widget.EditText</arg>
<arg>goliveira@scale.com.br</arg>
<doc>Types the given `text` into text field identified by `locator`.</doc>
<msg timestamp="20210802 13:41:33.367" level="INFO">Typing text 'goliveira@scale.com.br' into text field 'xpath=/hierarchy/android.widget.FrameLayout/android.widget.LinearLayout/android.widget.FrameLayout/android.widget.LinearLayout/android.widget.FrameLayout/android.widget.FrameLayout/android.view.ViewGroup/android.view.ViewGroup/android.view.ViewGroup[2]/android.view.ViewGroup/android.view.ViewGroup[2]/android.view.ViewGroup/android.view.ViewGroup[1]/android.view.ViewGroup/android.view.ViewGroup/android.view.ViewGroup[1]/android.view.ViewGroup/android.widget.EditText'</msg>
<status status="PASS" starttime="20210802 13:41:33.366" endtime="20210802 13:41:33.416"/>
</kw>
<kw name="Input Text" library="AppiumLibrary">
<arg>xpath=/hierarchy/android.widget.FrameLayout/android.widget.LinearLayout/android.widget.FrameLayout/android.widget.LinearLayout/android.widget.FrameLayout/android.widget.FrameLayout/android.view.ViewGroup/android.view.ViewGroup/android.view.ViewGroup[2]/android.view.ViewGroup/android.view.ViewGroup[2]/android.view.ViewGroup/android.view.ViewGroup[1]/android.view.ViewGroup/android.view.ViewGroup/android.view.ViewGroup[2]/android.view.ViewGroup[1]/android.widget.EditText</arg>
<arg>Teste*01</arg>
<doc>Types the given `text` into text field identified by `locator`.</doc>
<msg timestamp="20210802 13:41:33.419" level="INFO">Typing text 'Teste*01' into text field 'xpath=/hierarchy/android.widget.FrameLayout/android.widget.LinearLayout/android.widget.FrameLayout/android.widget.LinearLayout/android.widget.FrameLayout/android.widget.FrameLayout/android.view.ViewGroup/android.view.ViewGroup/android.view.ViewGroup[2]/android.view.ViewGroup/android.view.ViewGroup[2]/android.view.ViewGroup/android.view.ViewGroup[1]/android.view.ViewGroup/android.view.ViewGroup/android.view.ViewGroup[2]/android.view.ViewGroup[1]/android.widget.EditText'</msg>
<status status="PASS" starttime="20210802 13:41:33.418" endtime="20210802 13:41:34.155"/>
</kw>
<kw name="Click Element" library="AppiumLibrary">
<arg>xpath=/hierarchy/android.widget.FrameLayout/android.widget.LinearLayout/android.widget.FrameLayout/android.widget.LinearLayout/android.widget.FrameLayout/android.widget.FrameLayout/android.view.ViewGroup/android.view.ViewGroup/android.view.ViewGroup[2]/android.view.ViewGroup/android.view.ViewGroup[2]/android.view.ViewGroup/android.view.ViewGroup[1]/android.view.ViewGroup/android.view.ViewGroup/android.view.ViewGroup[3]</arg>
<doc>Click element identified by `locator`.</doc>
<msg timestamp="20210802 13:41:34.157" level="INFO">Clicking element 'xpath=/hierarchy/android.widget.FrameLayout/android.widget.LinearLayout/android.widget.FrameLayout/android.widget.LinearLayout/android.widget.FrameLayout/android.widget.FrameLayout/android.view.ViewGroup/android.view.ViewGroup/android.view.ViewGroup[2]/android.view.ViewGroup/android.view.ViewGroup[2]/android.view.ViewGroup/android.view.ViewGroup[1]/android.view.ViewGroup/android.view.ViewGroup/android.view.ViewGroup[3]'.</msg>
<status status="PASS" starttime="20210802 13:41:34.156" endtime="20210802 13:41:34.926"/>
</kw>
<kw name="Wait Until Page Contains" library="AppiumLibrary">
<arg>O novo game está chegando!</arg>
<doc>Waits until `text` appears on current page.</doc>
<status status="PASS" starttime="20210802 13:41:34.927" endtime="20210802 13:41:37.414"/>
</kw>
<kw name="Click Element" library="AppiumLibrary">
<arg>xpath=/hierarchy/android.widget.FrameLayout/android.widget.LinearLayout/android.widget.FrameLayout/android.widget.LinearLayout/android.widget.FrameLayout/android.widget.FrameLayout/android.view.ViewGroup/android.view.ViewGroup/android.view.ViewGroup[1]/android.view.ViewGroup/android.view.ViewGroup/android.view.ViewGroup/android.view.ViewGroup[2]/android.view.ViewGroup/android.view.ViewGroup[1]/android.view.ViewGroup/android.view.ViewGroup/android.view.ViewGroup[1]/android.widget.ScrollView/android.view.ViewGroup/android.view.ViewGroup[1]/android.view.ViewGroup/android.view.ViewGroup/android.view.ViewGroup</arg>
<doc>Click element identified by `locator`.</doc>
<msg timestamp="20210802 13:41:37.416" level="INFO">Clicking element 'xpath=/hierarchy/android.widget.FrameLayout/android.widget.LinearLayout/android.widget.FrameLayout/android.widget.LinearLayout/android.widget.FrameLayout/android.widget.FrameLayout/android.view.ViewGroup/android.view.ViewGroup/android.view.ViewGroup[1]/android.view.ViewGroup/android.view.ViewGroup/android.view.ViewGroup/android.view.ViewGroup[2]/android.view.ViewGroup/android.view.ViewGroup[1]/android.view.ViewGroup/android.view.ViewGroup/android.view.ViewGroup[1]/android.widget.ScrollView/android.view.ViewGroup/android.view.ViewGroup[1]/android.view.ViewGroup/android.view.ViewGroup/android.view.ViewGroup'.</msg>
<status status="PASS" starttime="20210802 13:41:37.415" endtime="20210802 13:41:37.517"/>
</kw>
<kw name="Wait Until Page Contains" library="AppiumLibrary">
<arg>Sobre o projeto</arg>
<doc>Waits until `text` appears on current page.</doc>
<status status="PASS" starttime="20210802 13:41:37.518" endtime="20210802 13:41:39.367"/>
</kw>
<kw name="Click Text" library="AppiumLibrary">
<arg>Comece investindo com R$10,00</arg>
<doc>Click text identified by ``text``.</doc>
<status status="PASS" starttime="20210802 13:41:39.367" endtime="20210802 13:41:39.469"/>
</kw>
<kw name="Wait Until Page Contains" library="AppiumLibrary">
<arg>Ordem de compra</arg>
<doc>Waits until `text` appears on current page.</doc>
<status status="PASS" starttime="20210802 13:41:39.469" endtime="20210802 13:41:41.099"/>
</kw>
<kw name="Input Text" library="AppiumLibrary">
<arg>xpath=/hierarchy/android.widget.FrameLayout/android.widget.LinearLayout/android.widget.FrameLayout/android.widget.LinearLayout/android.widget.FrameLayout/android.widget.FrameLayout/android.view.ViewGroup/android.view.ViewGroup/android.view.ViewGroup[1]/android.view.ViewGroup/android.view.ViewGroup/android.view.ViewGroup[3]/android.view.ViewGroup[2]/android.view.ViewGroup/android.view.ViewGroup[1]/android.view.ViewGroup[2]/android.widget.ScrollView/android.view.ViewGroup/android.view.ViewGroup[1]/android.view.ViewGroup/android.widget.EditText</arg>
<arg>15</arg>
<doc>Types the given `text` into text field identified by `locator`.</doc>
<msg timestamp="20210802 13:41:41.101" level="INFO">Typing text '15' into text field 'xpath=/hierarchy/android.widget.FrameLayout/android.widget.LinearLayout/android.widget.FrameLayout/android.widget.LinearLayout/android.widget.FrameLayout/android.widget.FrameLayout/android.view.ViewGroup/android.view.ViewGroup/android.view.ViewGroup[1]/android.view.ViewGroup/android.view.ViewGroup/android.view.ViewGroup[3]/android.view.ViewGroup[2]/android.view.ViewGroup/android.view.ViewGroup[1]/android.view.ViewGroup[2]/android.widget.ScrollView/android.view.ViewGroup/android.view.ViewGroup[1]/android.view.ViewGroup/android.widget.EditText'</msg>
<status status="PASS" starttime="20210802 13:41:41.100" endtime="20210802 13:41:41.735"/>
</kw>
<kw name="Click Element" library="AppiumLibrary">
<arg>xpath=//*[@id="screenshotContainer"]/div/div/div/div/div/div[35]</arg>
<doc>Click element identified by `locator`.</doc>
<msg timestamp="20210802 13:41:41.737" level="INFO">Clicking element 'xpath=//*[@id="screenshotContainer"]/div/div/div/div/div/div[35]'.</msg>
<kw name="Capture Page Screenshot" library="AppiumLibrary">
<doc>Takes a screenshot of the current page and embeds it into the log.</doc>
<msg timestamp="20210802 13:41:42.530" level="INFO" html="true">&lt;/td&gt;&lt;/tr&gt;&lt;tr&gt;&lt;td colspan="3"&gt;&lt;a href="appium-screenshot-1.png"&gt;&lt;img src="appium-screenshot-1.png" width="800px"&gt;&lt;/a&gt;</msg>
<status status="PASS" starttime="20210802 13:41:42.295" endtime="20210802 13:41:42.530"/>
</kw>
<msg timestamp="20210802 13:41:42.532" level="FAIL">ValueError: Element locator 'xpath=//*[@id="screenshotContainer"]/div/div/div/div/div/div[35]' did not match any elements.</msg>
<status status="FAIL" starttime="20210802 13:41:41.736" endtime="20210802 13:41:42.532"/>
</kw>
<kw name="Click Element" library="AppiumLibrary">
<arg>xpath=/hierarchy/android.widget.FrameLayout/android.widget.LinearLayout/android.widget.FrameLayout/android.widget.LinearLayout/android.widget.FrameLayout/android.widget.FrameLayout/android.view.ViewGroup/android.view.ViewGroup/android.view.ViewGroup[1]/android.view.ViewGroup/android.view.ViewGroup/android.view.ViewGroup[3]/android.view.ViewGroup[2]/android.view.ViewGroup/android.view.ViewGroup[1]/android.view.ViewGroup[2]/android.widget.ScrollView/android.view.ViewGroup/android.view.ViewGroup[3]/android.view.ViewGroup/android.view.ViewGroup</arg>
<doc>Click element identified by `locator`.</doc>
<status status="NOT RUN" starttime="20210802 13:41:42.534" endtime="20210802 13:41:42.534"/>
</kw>
<kw name="Click Element" library="AppiumLibrary">
<arg>xpath=/hierarchy/android.widget.FrameLayout/android.widget.LinearLayout/android.widget.FrameLayout/android.widget.FrameLayout/android.view.ViewGroup/android.view.ViewGroup/android.view.ViewGroup/android.view.ViewGroup/android.view.ViewGroup[2]/android.view.ViewGroup</arg>
<doc>Click element identified by `locator`.</doc>
<status status="NOT RUN" starttime="20210802 13:41:42.534" endtime="20210802 13:41:42.534"/>
</kw>
<kw name="Click Element" library="AppiumLibrary">
<arg>xpath=/hierarchy/android.widget.FrameLayout/android.widget.LinearLayout/android.widget.FrameLayout/android.widget.LinearLayout/android.widget.FrameLayout/android.widget.FrameLayout/android.view.ViewGroup/android.view.ViewGroup/android.view.ViewGroup[1]/android.view.ViewGroup/android.view.ViewGroup/android.view.ViewGroup[3]/android.view.ViewGroup[2]/android.view.ViewGroup/android.view.ViewGroup[1]/android.view.ViewGroup[2]/android.widget.ScrollView/android.view.ViewGroup/android.view.ViewGroup[4]</arg>
<doc>Click element identified by `locator`.</doc>
<status status="NOT RUN" starttime="20210802 13:41:42.534" endtime="20210802 13:41:42.534"/>
</kw>
<kw name="Close Session" library="base" type="TEARDOWN">
<kw name="Close Application" library="AppiumLibrary">
<doc>Closes the current application and also close webdriver session.</doc>
<status status="PASS" starttime="20210802 13:41:42.535" endtime="20210802 13:41:43.560"/>
</kw>
<status status="PASS" starttime="20210802 13:41:42.535" endtime="20210802 13:41:43.560"/>
</kw>
<status status="FAIL" starttime="20210802 13:41:10.980" endtime="20210802 13:41:43.564">ValueError: Element locator 'xpath=//*[@id="screenshotContainer"]/div/div/div/div/div/div[35]' did not match any elements.</status>
</test>
<status status="FAIL" starttime="20210802 13:41:10.845" endtime="20210802 13:41:43.566"/>
</suite>
<statistics>
<total>
<stat pass="0" fail="1" skip="0">All Tests</stat>
</total>
<tag>
</tag>
<suite>
<stat pass="0" fail="1" skip="0" id="s1" name="Compra">Compra</stat>
</suite>
</statistics>
<errors>
</errors>
</robot>
