<?xml version="1.0" encoding="UTF-8"?>
<robot generator="Robot 4.1 (Python 3.9.6 on win32)" generated="20211021 17:39:12.537" rpa="false" schemaversion="2">
<suite id="s1" name="Tests" source="C:\Scale\Kinoplexapp\tests">
<suite id="s1-s1" name="Cadastro" source="C:\Scale\Kinoplexapp\tests\cadastro.robot">
<test id="s1-s1-t1" name="Efetuar cadastro com sucesso">
<kw name="Open Session" library="base" type="SETUP">
<kw name="Set Appium Timeout" library="AppiumLibrary">
<arg>30</arg>
<doc>Sets the timeout in seconds used by various keywords.</doc>
<status status="PASS" starttime="20211021 17:39:12.985" endtime="20211021 17:39:12.986"/>
</kw>
<kw name="Open Application" library="AppiumLibrary">
<arg>http://localhost:4723/wd/hub</arg>
<arg>noReset=true</arg>
<arg>deviceName=Emulator</arg>
<arg>platformVersion=10</arg>
<arg>appPackage=com.kinoplex_app3</arg>
<arg>appActivity=MainActivity</arg>
<arg>platformName=android</arg>
<arg>udid=emulator-5554</arg>
<arg>app=${EXECDIR}/app/kinoplex.apk</arg>
<doc>Opens a new application to given Appium server.
Capabilities of appium server, Android and iOS,
Please check https://github.com/appium/appium/blob/master/docs/en/writing-running-appium/server-args.md
| *Option*            | *Man.* | *Description*     |
| remote_url          | Yes    | Appium server url |
| alias               | no     | alias             |</doc>
<status status="PASS" starttime="20211021 17:39:12.986" endtime="20211021 17:39:22.283"/>
</kw>
<status status="PASS" starttime="20211021 17:39:12.976" endtime="20211021 17:39:22.283"/>
</kw>
<kw name="Cpf" library="FakerLibrary">
<var>${CPF}</var>
<msg timestamp="20211021 17:39:22.284" level="INFO">${CPF} = 851.397.426-91</msg>
<status status="PASS" starttime="20211021 17:39:22.283" endtime="20211021 17:39:22.284"/>
</kw>
<kw name="Name" library="FakerLibrary">
<var>${NOME}</var>
<doc>:example 'John Doe'</doc>
<msg timestamp="20211021 17:39:22.284" level="INFO">${NOME} = Joaquim Jesus</msg>
<status status="PASS" starttime="20211021 17:39:22.284" endtime="20211021 17:39:22.284"/>
</kw>
<kw name="Email" library="FakerLibrary">
<var>${EMAILFAKE}</var>
<msg timestamp="20211021 17:39:22.285" level="INFO">${EMAILFAKE} = afernandes@nascimento.br</msg>
<status status="PASS" starttime="20211021 17:39:22.285" endtime="20211021 17:39:22.285"/>
</kw>
<kw name="Date" library="FakerLibrary">
<var>${DATAFAKE}</var>
<doc>Get a date string between January 1, 1970 and now
:param pattern format
:example '2008-11-27'</doc>
<msg timestamp="20211021 17:39:22.286" level="INFO">${DATAFAKE} = 1984-12-31</msg>
<status status="PASS" starttime="20211021 17:39:22.286" endtime="20211021 17:39:22.286"/>
</kw>
<kw name="City" library="FakerLibrary">
<var>${CIDADE}</var>
<doc>:example 'Sashabury'</doc>
<msg timestamp="20211021 17:39:22.287" level="INFO">${CIDADE} = Pereira da Serra</msg>
<status status="PASS" starttime="20211021 17:39:22.286" endtime="20211021 17:39:22.287"/>
</kw>
<kw name="Postcode" library="FakerLibrary">
<var>${CEP}</var>
<doc>Randomly returns a postcode.
:param formatted: True to allow formatted postcodes, else False (default True)
:example formatted: '41224-212' '83992-291' '12324322'
:example raw: '43920231' '34239530'</doc>
<msg timestamp="20211021 17:39:22.287" level="INFO">${CEP} = 70192536</msg>
<status status="PASS" starttime="20211021 17:39:22.287" endtime="20211021 17:39:22.287"/>
</kw>
<kw name="State" library="FakerLibrary">
<var>${ESTADO}</var>
<msg timestamp="20211021 17:39:22.287" level="INFO">${ESTADO} = Bahia</msg>
<status status="PASS" starttime="20211021 17:39:22.287" endtime="20211021 17:39:22.287"/>
</kw>
<kw name="Wait Until Page Contains" library="AppiumLibrary">
<arg>VER MAIS</arg>
<doc>Waits until `text` appears on current page.</doc>
<status status="PASS" starttime="20211021 17:39:22.288" endtime="20211021 17:39:26.191"/>
</kw>
<kw name="Click Element" library="AppiumLibrary">
<arg>xpath=/hierarchy/android.widget.FrameLayout/android.widget.LinearLayout/android.widget.FrameLayout/android.widget.LinearLayout/android.widget.FrameLayout/android.widget.FrameLayout/android.view.ViewGroup/android.view.ViewGroup/android.view.ViewGroup[2]/android.view.ViewGroup/android.widget.FrameLayout/android.view.ViewGroup/android.view.ViewGroup/android.view.ViewGroup/android.view.ViewGroup[2]/android.view.ViewGroup[6]/android.widget.TextView</arg>
<doc>Click element identified by `locator`.</doc>
<msg timestamp="20211021 17:39:26.194" level="INFO">Clicking element 'xpath=/hierarchy/android.widget.FrameLayout/android.widget.LinearLayout/android.widget.FrameLayout/android.widget.LinearLayout/android.widget.FrameLayout/android.widget.FrameLayout/android.view.ViewGroup/android.view.ViewGroup/android.view.ViewGroup[2]/android.view.ViewGroup/android.widget.FrameLayout/android.view.ViewGroup/android.view.ViewGroup/android.view.ViewGroup/android.view.ViewGroup[2]/android.view.ViewGroup[6]/android.widget.TextView'.</msg>
<status status="PASS" starttime="20211021 17:39:26.193" endtime="20211021 17:39:26.308"/>
</kw>
<kw name="Wait Until Page Contains" library="AppiumLibrary">
<arg>PROMOÇÕES</arg>
<doc>Waits until `text` appears on current page.</doc>
<status status="PASS" starttime="20211021 17:39:26.308" endtime="20211021 17:39:28.067"/>
</kw>
<kw name="Click Text" library="AppiumLibrary">
<arg>ENTRAR</arg>
<doc>Click text identified by ``text``.</doc>
<status status="PASS" starttime="20211021 17:39:28.068" endtime="20211021 17:39:28.152"/>
</kw>
<kw name="Wait Until Page Contains" library="AppiumLibrary">
<arg>LOGIN</arg>
<doc>Waits until `text` appears on current page.</doc>
<status status="PASS" starttime="20211021 17:39:28.152" endtime="20211021 17:39:30.095"/>
</kw>
<kw name="Click Text" library="AppiumLibrary">
<arg>CADASTRE-SE</arg>
<doc>Click text identified by ``text``.</doc>
<status status="PASS" starttime="20211021 17:39:30.096" endtime="20211021 17:39:30.230"/>
</kw>
<kw name="Wait Until Page Contains" library="AppiumLibrary">
<arg>CADASTRO</arg>
<doc>Waits until `text` appears on current page.</doc>
<status status="PASS" starttime="20211021 17:39:30.231" endtime="20211021 17:39:31.204"/>
</kw>
<kw name="Input Text" library="AppiumLibrary">
<arg>xpath=/hierarchy/android.widget.FrameLayout/android.widget.LinearLayout/android.widget.FrameLayout/android.widget.LinearLayout/android.widget.FrameLayout/android.widget.FrameLayout/android.view.ViewGroup/android.view.ViewGroup/android.view.ViewGroup[2]/android.view.ViewGroup/android.widget.FrameLayout/android.view.ViewGroup/android.view.ViewGroup/android.view.ViewGroup/android.widget.ScrollView/android.view.ViewGroup/android.widget.EditText[1]</arg>
<arg>${CPF}</arg>
<doc>Types the given `text` into text field identified by `locator`.</doc>
<msg timestamp="20211021 17:39:31.206" level="INFO">Typing text '851.397.426-91' into text field 'xpath=/hierarchy/android.widget.FrameLayout/android.widget.LinearLayout/android.widget.FrameLayout/android.widget.LinearLayout/android.widget.FrameLayout/android.widget.FrameLayout/android.view.ViewGroup/android.view.ViewGroup/android.view.ViewGroup[2]/android.view.ViewGroup/android.widget.FrameLayout/android.view.ViewGroup/android.view.ViewGroup/android.view.ViewGroup/android.widget.ScrollView/android.view.ViewGroup/android.widget.EditText[1]'</msg>
<status status="PASS" starttime="20211021 17:39:31.205" endtime="20211021 17:39:31.783"/>
</kw>
<kw name="Input Text" library="AppiumLibrary">
<arg>xpath=/hierarchy/android.widget.FrameLayout/android.widget.LinearLayout/android.widget.FrameLayout/android.widget.LinearLayout/android.widget.FrameLayout/android.widget.FrameLayout/android.view.ViewGroup/android.view.ViewGroup/android.view.ViewGroup[2]/android.view.ViewGroup/android.widget.FrameLayout/android.view.ViewGroup/android.view.ViewGroup/android.view.ViewGroup/android.widget.ScrollView/android.view.ViewGroup/android.widget.EditText[2]</arg>
<arg>${NOME}</arg>
<doc>Types the given `text` into text field identified by `locator`.</doc>
<msg timestamp="20211021 17:39:31.784" level="INFO">Typing text 'Joaquim Jesus' into text field 'xpath=/hierarchy/android.widget.FrameLayout/android.widget.LinearLayout/android.widget.FrameLayout/android.widget.LinearLayout/android.widget.FrameLayout/android.widget.FrameLayout/android.view.ViewGroup/android.view.ViewGroup/android.view.ViewGroup[2]/android.view.ViewGroup/android.widget.FrameLayout/android.view.ViewGroup/android.view.ViewGroup/android.view.ViewGroup/android.widget.ScrollView/android.view.ViewGroup/android.widget.EditText[2]'</msg>
<status status="PASS" starttime="20211021 17:39:31.783" endtime="20211021 17:39:32.923"/>
</kw>
<kw name="Input Text" library="AppiumLibrary">
<arg>xpath=/hierarchy/android.widget.FrameLayout/android.widget.LinearLayout/android.widget.FrameLayout/android.widget.LinearLayout/android.widget.FrameLayout/android.widget.FrameLayout/android.view.ViewGroup/android.view.ViewGroup/android.view.ViewGroup[2]/android.view.ViewGroup/android.widget.FrameLayout/android.view.ViewGroup/android.view.ViewGroup/android.view.ViewGroup/android.widget.ScrollView/android.view.ViewGroup/android.widget.EditText[3]</arg>
<arg>${EMAILFAKE}</arg>
<doc>Types the given `text` into text field identified by `locator`.</doc>
<msg timestamp="20211021 17:39:32.927" level="INFO">Typing text 'afernandes@nascimento.br' into text field 'xpath=/hierarchy/android.widget.FrameLayout/android.widget.LinearLayout/android.widget.FrameLayout/android.widget.LinearLayout/android.widget.FrameLayout/android.widget.FrameLayout/android.view.ViewGroup/android.view.ViewGroup/android.view.ViewGroup[2]/android.view.ViewGroup/android.widget.FrameLayout/android.view.ViewGroup/android.view.ViewGroup/android.view.ViewGroup/android.widget.ScrollView/android.view.ViewGroup/android.widget.EditText[3]'</msg>
<status status="PASS" starttime="20211021 17:39:32.925" endtime="20211021 17:39:33.508"/>
</kw>
<kw name="Click Text" library="AppiumLibrary">
<arg>Masculino</arg>
<doc>Click text identified by ``text``.</doc>
<status status="PASS" starttime="20211021 17:39:33.508" endtime="20211021 17:39:34.069"/>
</kw>
<kw name="Input Text" library="AppiumLibrary">
<arg>xpath=/hierarchy/android.widget.FrameLayout/android.widget.LinearLayout/android.widget.FrameLayout/android.widget.LinearLayout/android.widget.FrameLayout/android.widget.FrameLayout/android.view.ViewGroup/android.view.ViewGroup/android.view.ViewGroup[2]/android.view.ViewGroup/android.widget.FrameLayout/android.view.ViewGroup/android.view.ViewGroup/android.view.ViewGroup/android.widget.ScrollView/android.view.ViewGroup/android.widget.EditText[4]</arg>
<arg>15011990</arg>
<doc>Types the given `text` into text field identified by `locator`.</doc>
<msg timestamp="20211021 17:39:34.071" level="INFO">Typing text '15011990' into text field 'xpath=/hierarchy/android.widget.FrameLayout/android.widget.LinearLayout/android.widget.FrameLayout/android.widget.LinearLayout/android.widget.FrameLayout/android.widget.FrameLayout/android.view.ViewGroup/android.view.ViewGroup/android.view.ViewGroup[2]/android.view.ViewGroup/android.widget.FrameLayout/android.view.ViewGroup/android.view.ViewGroup/android.view.ViewGroup/android.widget.ScrollView/android.view.ViewGroup/android.widget.EditText[4]'</msg>
<status status="PASS" starttime="20211021 17:39:34.069" endtime="20211021 17:39:34.747"/>
</kw>
<kw name="Swipe" library="AppiumLibrary">
<arg>529</arg>
<arg>1430</arg>
<arg>553</arg>
<arg>797</arg>
<doc>Swipe from one point to another point, for an optional duration.</doc>
<status status="PASS" starttime="20211021 17:39:34.748" endtime="20211021 17:39:36.080"/>
</kw>
<kw name="Click Text" library="AppiumLibrary">
<arg>ESTADO</arg>
<doc>Click text identified by ``text``.</doc>
<status status="PASS" starttime="20211021 17:39:36.080" endtime="20211021 17:39:36.407"/>
</kw>
<kw name="Sleep" library="BuiltIn">
<arg>2</arg>
<doc>Pauses the test executed for the given time.</doc>
<msg timestamp="20211021 17:39:38.423" level="INFO">Slept 2 seconds</msg>
<status status="PASS" starttime="20211021 17:39:36.407" endtime="20211021 17:39:38.423"/>
</kw>
<kw name="Wait Until Page Contains" library="AppiumLibrary">
<arg>ESTADO</arg>
<doc>Waits until `text` appears on current page.</doc>
<status status="PASS" starttime="20211021 17:39:38.423" endtime="20211021 17:39:38.528"/>
</kw>
<kw name="Click Text" library="AppiumLibrary">
<arg>Maranhão</arg>
<doc>Click text identified by ``text``.</doc>
<status status="PASS" starttime="20211021 17:39:38.529" endtime="20211021 17:39:38.593"/>
</kw>
<kw name="Wait Until Page Contains" library="AppiumLibrary">
<arg>CADASTRO</arg>
<doc>Waits until `text` appears on current page.</doc>
<status status="PASS" starttime="20211021 17:39:38.594" endtime="20211021 17:39:39.303"/>
</kw>
<kw name="Click Text" library="AppiumLibrary">
<arg>CIDADE</arg>
<doc>Click text identified by ``text``.</doc>
<status status="PASS" starttime="20211021 17:39:39.303" endtime="20211021 17:39:39.363"/>
</kw>
<kw name="Sleep" library="BuiltIn">
<arg>2</arg>
<doc>Pauses the test executed for the given time.</doc>
<msg timestamp="20211021 17:39:41.364" level="INFO">Slept 2 seconds</msg>
<status status="PASS" starttime="20211021 17:39:39.364" endtime="20211021 17:39:41.364"/>
</kw>
<kw name="Wait Until Page Contains" library="AppiumLibrary">
<arg>CIDADE</arg>
<doc>Waits until `text` appears on current page.</doc>
<status status="PASS" starttime="20211021 17:39:41.365" endtime="20211021 17:39:41.905"/>
</kw>
<kw name="Click Text" library="AppiumLibrary">
<arg>Alto Parnaiba</arg>
<doc>Click text identified by ``text``.</doc>
<status status="PASS" starttime="20211021 17:39:41.906" endtime="20211021 17:39:42.159"/>
</kw>
<kw name="Wait Until Page Contains" library="AppiumLibrary">
<arg>CADASTRO</arg>
<doc>Waits until `text` appears on current page.</doc>
<status status="PASS" starttime="20211021 17:39:42.159" endtime="20211021 17:39:42.879"/>
</kw>
<kw name="Click Text" library="AppiumLibrary">
<arg>CINEMA QUE FREQUENTA</arg>
<doc>Click text identified by ``text``.</doc>
<status status="PASS" starttime="20211021 17:39:42.880" endtime="20211021 17:39:42.938"/>
</kw>
<kw name="Sleep" library="BuiltIn">
<arg>1</arg>
<doc>Pauses the test executed for the given time.</doc>
<msg timestamp="20211021 17:39:43.949" level="INFO">Slept 1 second</msg>
<status status="PASS" starttime="20211021 17:39:42.938" endtime="20211021 17:39:43.949"/>
</kw>
<kw name="Wait Until Page Contains" library="AppiumLibrary">
<arg>CINEMA QUE FREQUENTA</arg>
<doc>Waits until `text` appears on current page.</doc>
<status status="PASS" starttime="20211021 17:39:43.950" endtime="20211021 17:39:44.046"/>
</kw>
<kw name="Click Text" library="AppiumLibrary">
<arg>São Luís (UCI Kinoplex Shopping da Ilha)</arg>
<doc>Click text identified by ``text``.</doc>
<status status="PASS" starttime="20211021 17:39:44.046" endtime="20211021 17:39:44.105"/>
</kw>
<kw name="Wait Until Page Contains" library="AppiumLibrary">
<arg>CADASTRO</arg>
<doc>Waits until `text` appears on current page.</doc>
<status status="PASS" starttime="20211021 17:39:44.105" endtime="20211021 17:39:44.765"/>
</kw>
<kw name="Swipe" library="AppiumLibrary">
<arg>447</arg>
<arg>1544</arg>
<arg>462</arg>
<arg>691</arg>
<doc>Swipe from one point to another point, for an optional duration.</doc>
<status status="PASS" starttime="20211021 17:39:44.766" endtime="20211021 17:39:46.036"/>
</kw>
<kw name="Sleep" library="BuiltIn">
<arg>1</arg>
<doc>Pauses the test executed for the given time.</doc>
<msg timestamp="20211021 17:39:47.044" level="INFO">Slept 1 second</msg>
<status status="PASS" starttime="20211021 17:39:46.037" endtime="20211021 17:39:47.044"/>
</kw>
<kw name="Input Text" library="AppiumLibrary">
<arg>xpath=/hierarchy/android.widget.FrameLayout/android.widget.LinearLayout/android.widget.FrameLayout/android.widget.LinearLayout/android.widget.FrameLayout/android.widget.FrameLayout/android.view.ViewGroup/android.view.ViewGroup/android.view.ViewGroup[2]/android.view.ViewGroup/android.widget.FrameLayout/android.view.ViewGroup/android.view.ViewGroup/android.view.ViewGroup/android.widget.ScrollView/android.view.ViewGroup/android.widget.EditText[6]</arg>
<arg>asdasd</arg>
<doc>Types the given `text` into text field identified by `locator`.</doc>
<msg timestamp="20211021 17:39:47.046" level="INFO">Typing text 'asdasd' into text field 'xpath=/hierarchy/android.widget.FrameLayout/android.widget.LinearLayout/android.widget.FrameLayout/android.widget.LinearLayout/android.widget.FrameLayout/android.widget.FrameLayout/android.view.ViewGroup/android.view.ViewGroup/android.view.ViewGroup[2]/android.view.ViewGroup/android.widget.FrameLayout/android.view.ViewGroup/android.view.ViewGroup/android.view.ViewGroup/android.widget.ScrollView/android.view.ViewGroup/android.widget.EditText[6]'</msg>
<status status="PASS" starttime="20211021 17:39:47.045" endtime="20211021 17:39:47.595"/>
</kw>
<kw name="Input Text" library="AppiumLibrary">
<arg>xpath=/hierarchy/android.widget.FrameLayout/android.widget.LinearLayout/android.widget.FrameLayout/android.widget.LinearLayout/android.widget.FrameLayout/android.widget.FrameLayout/android.view.ViewGroup/android.view.ViewGroup/android.view.ViewGroup[2]/android.view.ViewGroup/android.widget.FrameLayout/android.view.ViewGroup/android.view.ViewGroup/android.view.ViewGroup/android.widget.ScrollView/android.view.ViewGroup/android.widget.EditText[7]</arg>
<arg>asdasd</arg>
<doc>Types the given `text` into text field identified by `locator`.</doc>
<msg timestamp="20211021 17:39:47.597" level="INFO">Typing text 'asdasd' into text field 'xpath=/hierarchy/android.widget.FrameLayout/android.widget.LinearLayout/android.widget.FrameLayout/android.widget.LinearLayout/android.widget.FrameLayout/android.widget.FrameLayout/android.view.ViewGroup/android.view.ViewGroup/android.view.ViewGroup[2]/android.view.ViewGroup/android.widget.FrameLayout/android.view.ViewGroup/android.view.ViewGroup/android.view.ViewGroup/android.widget.ScrollView/android.view.ViewGroup/android.widget.EditText[7]'</msg>
<status status="PASS" starttime="20211021 17:39:47.596" endtime="20211021 17:39:48.638"/>
</kw>
<kw name="Swipe" library="AppiumLibrary">
<arg>447</arg>
<arg>1544</arg>
<arg>462</arg>
<arg>691</arg>
<doc>Swipe from one point to another point, for an optional duration.</doc>
<status status="PASS" starttime="20211021 17:39:48.639" endtime="20211021 17:39:49.888"/>
</kw>
<kw name="Click Text" library="AppiumLibrary">
<arg>CADASTRAR</arg>
<doc>Click text identified by ``text``.</doc>
<status status="PASS" starttime="20211021 17:39:49.889" endtime="20211021 17:39:49.936"/>
</kw>
<kw name="Close Session" library="base" type="TEARDOWN">
<kw name="Capture Page Screenshot" library="AppiumLibrary">
<doc>Takes a screenshot of the current page and embeds it into the log.</doc>
<msg timestamp="20211021 17:39:50.178" level="INFO" html="true">&lt;/td&gt;&lt;/tr&gt;&lt;tr&gt;&lt;td colspan="3"&gt;&lt;a href="appium-screenshot-1.png"&gt;&lt;img src="appium-screenshot-1.png" width="800px"&gt;&lt;/a&gt;</msg>
<status status="PASS" starttime="20211021 17:39:49.937" endtime="20211021 17:39:50.179"/>
</kw>
<kw name="Close Application" library="AppiumLibrary">
<doc>Closes the current application and also close webdriver session.</doc>
<status status="PASS" starttime="20211021 17:39:50.179" endtime="20211021 17:39:50.598"/>
</kw>
<status status="PASS" starttime="20211021 17:39:49.937" endtime="20211021 17:39:50.598"/>
</kw>
<status status="PASS" starttime="20211021 17:39:12.976" endtime="20211021 17:39:50.600"/>
</test>
<status status="PASS" starttime="20211021 17:39:12.558" endtime="20211021 17:39:50.602"/>
</suite>
<suite id="s1-s2" name="Cinemas" source="C:\Scale\Kinoplexapp\tests\cinemas.robot">
<test id="s1-s2-t1" name="Consultar tela que exibe a lista de cinemas">
<kw name="Open Session" library="base" type="SETUP">
<kw name="Set Appium Timeout" library="AppiumLibrary">
<arg>30</arg>
<doc>Sets the timeout in seconds used by various keywords.</doc>
<status status="PASS" starttime="20211021 17:39:50.610" endtime="20211021 17:39:50.610"/>
</kw>
<kw name="Open Application" library="AppiumLibrary">
<arg>http://localhost:4723/wd/hub</arg>
<arg>noReset=true</arg>
<arg>deviceName=Emulator</arg>
<arg>platformVersion=10</arg>
<arg>appPackage=com.kinoplex_app3</arg>
<arg>appActivity=MainActivity</arg>
<arg>platformName=android</arg>
<arg>udid=emulator-5554</arg>
<arg>app=${EXECDIR}/app/kinoplex.apk</arg>
<doc>Opens a new application to given Appium server.
Capabilities of appium server, Android and iOS,
Please check https://github.com/appium/appium/blob/master/docs/en/writing-running-appium/server-args.md
| *Option*            | *Man.* | *Description*     |
| remote_url          | Yes    | Appium server url |
| alias               | no     | alias             |</doc>
<status status="PASS" starttime="20211021 17:39:50.610" endtime="20211021 17:39:59.838"/>
</kw>
<status status="PASS" starttime="20211021 17:39:50.609" endtime="20211021 17:39:59.838"/>
</kw>
<kw name="Wait Until Page Contains" library="AppiumLibrary">
<arg>VER MAIS</arg>
<doc>Waits until `text` appears on current page.</doc>
<status status="PASS" starttime="20211021 17:39:59.838" endtime="20211021 17:40:03.272"/>
</kw>
<kw name="Click Text" library="AppiumLibrary">
<arg>CINEMAS</arg>
<doc>Click text identified by ``text``.</doc>
<status status="PASS" starttime="20211021 17:40:03.273" endtime="20211021 17:40:03.391"/>
</kw>
<kw name="Wait Until Page Contains" library="AppiumLibrary">
<arg>TODOS OS CINEMAS</arg>
<doc>Waits until `text` appears on current page.</doc>
<status status="PASS" starttime="20211021 17:40:03.392" endtime="20211021 17:40:04.870"/>
</kw>
<kw name="Close Session" library="base" type="TEARDOWN">
<kw name="Capture Page Screenshot" library="AppiumLibrary">
<doc>Takes a screenshot of the current page and embeds it into the log.</doc>
<msg timestamp="20211021 17:40:05.080" level="INFO" html="true">&lt;/td&gt;&lt;/tr&gt;&lt;tr&gt;&lt;td colspan="3"&gt;&lt;a href="appium-screenshot-2.png"&gt;&lt;img src="appium-screenshot-2.png" width="800px"&gt;&lt;/a&gt;</msg>
<status status="PASS" starttime="20211021 17:40:04.871" endtime="20211021 17:40:05.081"/>
</kw>
<kw name="Close Application" library="AppiumLibrary">
<doc>Closes the current application and also close webdriver session.</doc>
<status status="PASS" starttime="20211021 17:40:05.081" endtime="20211021 17:40:05.465"/>
</kw>
<status status="PASS" starttime="20211021 17:40:04.870" endtime="20211021 17:40:05.466"/>
</kw>
<status status="PASS" starttime="20211021 17:39:50.609" endtime="20211021 17:40:05.467"/>
</test>
<test id="s1-s2-t2" name="Consultar um cinema rolando a tela para baixo">
<kw name="Open Session" library="base" type="SETUP">
<kw name="Set Appium Timeout" library="AppiumLibrary">
<arg>30</arg>
<doc>Sets the timeout in seconds used by various keywords.</doc>
<status status="PASS" starttime="20211021 17:40:05.470" endtime="20211021 17:40:05.470"/>
</kw>
<kw name="Open Application" library="AppiumLibrary">
<arg>http://localhost:4723/wd/hub</arg>
<arg>noReset=true</arg>
<arg>deviceName=Emulator</arg>
<arg>platformVersion=10</arg>
<arg>appPackage=com.kinoplex_app3</arg>
<arg>appActivity=MainActivity</arg>
<arg>platformName=android</arg>
<arg>udid=emulator-5554</arg>
<arg>app=${EXECDIR}/app/kinoplex.apk</arg>
<doc>Opens a new application to given Appium server.
Capabilities of appium server, Android and iOS,
Please check https://github.com/appium/appium/blob/master/docs/en/writing-running-appium/server-args.md
| *Option*            | *Man.* | *Description*     |
| remote_url          | Yes    | Appium server url |
| alias               | no     | alias             |</doc>
<status status="PASS" starttime="20211021 17:40:05.470" endtime="20211021 17:40:14.504"/>
</kw>
<status status="PASS" starttime="20211021 17:40:05.469" endtime="20211021 17:40:14.504"/>
</kw>
<kw name="Wait Until Page Contains" library="AppiumLibrary">
<arg>VER MAIS</arg>
<doc>Waits until `text` appears on current page.</doc>
<status status="PASS" starttime="20211021 17:40:14.505" endtime="20211021 17:40:18.240"/>
</kw>
<kw name="Click Text" library="AppiumLibrary">
<arg>CINEMAS</arg>
<doc>Click text identified by ``text``.</doc>
<status status="PASS" starttime="20211021 17:40:18.240" endtime="20211021 17:40:18.350"/>
</kw>
<kw name="Wait Until Page Contains" library="AppiumLibrary">
<arg>TODOS OS CINEMAS</arg>
<doc>Waits until `text` appears on current page.</doc>
<status status="PASS" starttime="20211021 17:40:18.350" endtime="20211021 17:40:20.014"/>
</kw>
<kw name="Swipe" library="AppiumLibrary">
<arg>540</arg>
<arg>1590</arg>
<arg>549</arg>
<arg>635</arg>
<doc>Swipe from one point to another point, for an optional duration.</doc>
<status status="PASS" starttime="20211021 17:40:20.014" endtime="20211021 17:40:21.266"/>
</kw>
<kw name="Wait Until Page Contains" library="AppiumLibrary">
<arg>UBERABA</arg>
<doc>Waits until `text` appears on current page.</doc>
<status status="PASS" starttime="20211021 17:40:21.266" endtime="20211021 17:40:21.741"/>
</kw>
<kw name="Close Session" library="base" type="TEARDOWN">
<kw name="Capture Page Screenshot" library="AppiumLibrary">
<doc>Takes a screenshot of the current page and embeds it into the log.</doc>
<msg timestamp="20211021 17:40:21.959" level="INFO" html="true">&lt;/td&gt;&lt;/tr&gt;&lt;tr&gt;&lt;td colspan="3"&gt;&lt;a href="appium-screenshot-3.png"&gt;&lt;img src="appium-screenshot-3.png" width="800px"&gt;&lt;/a&gt;</msg>
<status status="PASS" starttime="20211021 17:40:21.742" endtime="20211021 17:40:21.959"/>
</kw>
<kw name="Close Application" library="AppiumLibrary">
<doc>Closes the current application and also close webdriver session.</doc>
<status status="PASS" starttime="20211021 17:40:21.959" endtime="20211021 17:40:22.287"/>
</kw>
<status status="PASS" starttime="20211021 17:40:21.742" endtime="20211021 17:40:22.287"/>
</kw>
<status status="PASS" starttime="20211021 17:40:05.468" endtime="20211021 17:40:22.288"/>
</test>
<test id="s1-s2-t3" name="Selecionar o cinema Kinoplex Uberaba">
<kw name="Open Session" library="base" type="SETUP">
<kw name="Set Appium Timeout" library="AppiumLibrary">
<arg>30</arg>
<doc>Sets the timeout in seconds used by various keywords.</doc>
<status status="PASS" starttime="20211021 17:40:22.291" endtime="20211021 17:40:22.291"/>
</kw>
<kw name="Open Application" library="AppiumLibrary">
<arg>http://localhost:4723/wd/hub</arg>
<arg>noReset=true</arg>
<arg>deviceName=Emulator</arg>
<arg>platformVersion=10</arg>
<arg>appPackage=com.kinoplex_app3</arg>
<arg>appActivity=MainActivity</arg>
<arg>platformName=android</arg>
<arg>udid=emulator-5554</arg>
<arg>app=${EXECDIR}/app/kinoplex.apk</arg>
<doc>Opens a new application to given Appium server.
Capabilities of appium server, Android and iOS,
Please check https://github.com/appium/appium/blob/master/docs/en/writing-running-appium/server-args.md
| *Option*            | *Man.* | *Description*     |
| remote_url          | Yes    | Appium server url |
| alias               | no     | alias             |</doc>
<status status="PASS" starttime="20211021 17:40:22.291" endtime="20211021 17:40:31.546"/>
</kw>
<status status="PASS" starttime="20211021 17:40:22.290" endtime="20211021 17:40:31.547"/>
</kw>
<kw name="Wait Until Page Contains" library="AppiumLibrary">
<arg>VER MAIS</arg>
<doc>Waits until `text` appears on current page.</doc>
<status status="PASS" starttime="20211021 17:40:31.547" endtime="20211021 17:40:35.242"/>
</kw>
<kw name="Click Text" library="AppiumLibrary">
<arg>CINEMAS</arg>
<doc>Click text identified by ``text``.</doc>
<status status="PASS" starttime="20211021 17:40:35.243" endtime="20211021 17:40:35.345"/>
</kw>
<kw name="Wait Until Page Contains" library="AppiumLibrary">
<arg>TODOS OS CINEMAS</arg>
<doc>Waits until `text` appears on current page.</doc>
<status status="PASS" starttime="20211021 17:40:35.345" endtime="20211021 17:40:37.034"/>
</kw>
<kw name="Swipe" library="AppiumLibrary">
<arg>540</arg>
<arg>1590</arg>
<arg>549</arg>
<arg>635</arg>
<doc>Swipe from one point to another point, for an optional duration.</doc>
<status status="PASS" starttime="20211021 17:40:37.034" endtime="20211021 17:40:38.363"/>
</kw>
<kw name="Click Text" library="AppiumLibrary">
<arg>KINOPLEX UBERABA (10014 Km)</arg>
<doc>Click text identified by ``text``.</doc>
<status status="PASS" starttime="20211021 17:40:38.364" endtime="20211021 17:40:38.811"/>
</kw>
<kw name="Wait Until Page Contains" library="AppiumLibrary">
<arg>Kinoplex Uberaba</arg>
<doc>Waits until `text` appears on current page.</doc>
<status status="PASS" starttime="20211021 17:40:38.812" endtime="20211021 17:40:40.422"/>
</kw>
<kw name="Close Session" library="base" type="TEARDOWN">
<kw name="Capture Page Screenshot" library="AppiumLibrary">
<doc>Takes a screenshot of the current page and embeds it into the log.</doc>
<msg timestamp="20211021 17:40:41.020" level="INFO" html="true">&lt;/td&gt;&lt;/tr&gt;&lt;tr&gt;&lt;td colspan="3"&gt;&lt;a href="appium-screenshot-4.png"&gt;&lt;img src="appium-screenshot-4.png" width="800px"&gt;&lt;/a&gt;</msg>
<status status="PASS" starttime="20211021 17:40:40.423" endtime="20211021 17:40:41.020"/>
</kw>
<kw name="Close Application" library="AppiumLibrary">
<doc>Closes the current application and also close webdriver session.</doc>
<status status="PASS" starttime="20211021 17:40:41.020" endtime="20211021 17:40:41.352"/>
</kw>
<status status="PASS" starttime="20211021 17:40:40.423" endtime="20211021 17:40:41.352"/>
</kw>
<status status="PASS" starttime="20211021 17:40:22.289" endtime="20211021 17:40:41.353"/>
</test>
<status status="PASS" starttime="20211021 17:39:50.603" endtime="20211021 17:40:41.354"/>
</suite>
<suite id="s1-s3" name="Filmes" source="C:\Scale\Kinoplexapp\tests\filmes.robot">
<test id="s1-s3-t1" name="Efetuar a consulta de um filme com sucesso">
<kw name="Open Session" library="base" type="SETUP">
<kw name="Set Appium Timeout" library="AppiumLibrary">
<arg>30</arg>
<doc>Sets the timeout in seconds used by various keywords.</doc>
<status status="PASS" starttime="20211021 17:40:41.360" endtime="20211021 17:40:41.361"/>
</kw>
<kw name="Open Application" library="AppiumLibrary">
<arg>http://localhost:4723/wd/hub</arg>
<arg>noReset=true</arg>
<arg>deviceName=Emulator</arg>
<arg>platformVersion=10</arg>
<arg>appPackage=com.kinoplex_app3</arg>
<arg>appActivity=MainActivity</arg>
<arg>platformName=android</arg>
<arg>udid=emulator-5554</arg>
<arg>app=${EXECDIR}/app/kinoplex.apk</arg>
<doc>Opens a new application to given Appium server.
Capabilities of appium server, Android and iOS,
Please check https://github.com/appium/appium/blob/master/docs/en/writing-running-appium/server-args.md
| *Option*            | *Man.* | *Description*     |
| remote_url          | Yes    | Appium server url |
| alias               | no     | alias             |</doc>
<status status="PASS" starttime="20211021 17:40:41.361" endtime="20211021 17:40:50.496"/>
</kw>
<status status="PASS" starttime="20211021 17:40:41.360" endtime="20211021 17:40:50.496"/>
</kw>
<kw name="Wait Until Page Contains" library="AppiumLibrary">
<arg>VER MAIS</arg>
<doc>Waits until `text` appears on current page.</doc>
<status status="PASS" starttime="20211021 17:40:50.497" endtime="20211021 17:40:53.776"/>
</kw>
<kw name="Click Text" library="AppiumLibrary">
<arg>FILMES</arg>
<doc>Click text identified by ``text``.</doc>
<status status="PASS" starttime="20211021 17:40:53.777" endtime="20211021 17:40:53.900"/>
</kw>
<kw name="Wait Until Page Contains" library="AppiumLibrary">
<arg>CRUELLA</arg>
<doc>Waits until `text` appears on current page.</doc>
<status status="PASS" starttime="20211021 17:40:53.901" endtime="20211021 17:40:55.570"/>
</kw>
<kw name="Close Session" library="base" type="TEARDOWN">
<kw name="Capture Page Screenshot" library="AppiumLibrary">
<doc>Takes a screenshot of the current page and embeds it into the log.</doc>
<msg timestamp="20211021 17:40:56.355" level="INFO" html="true">&lt;/td&gt;&lt;/tr&gt;&lt;tr&gt;&lt;td colspan="3"&gt;&lt;a href="appium-screenshot-5.png"&gt;&lt;img src="appium-screenshot-5.png" width="800px"&gt;&lt;/a&gt;</msg>
<status status="PASS" starttime="20211021 17:40:55.576" endtime="20211021 17:40:56.355"/>
</kw>
<kw name="Close Application" library="AppiumLibrary">
<doc>Closes the current application and also close webdriver session.</doc>
<status status="PASS" starttime="20211021 17:40:56.355" endtime="20211021 17:40:56.741"/>
</kw>
<status status="PASS" starttime="20211021 17:40:55.575" endtime="20211021 17:40:56.741"/>
</kw>
<status status="PASS" starttime="20211021 17:40:41.360" endtime="20211021 17:40:56.761"/>
</test>
<test id="s1-s3-t2" name="Filtrar filmes na categoria ação com sucesso">
<kw name="Open Session" library="base" type="SETUP">
<kw name="Set Appium Timeout" library="AppiumLibrary">
<arg>30</arg>
<doc>Sets the timeout in seconds used by various keywords.</doc>
<status status="PASS" starttime="20211021 17:40:56.767" endtime="20211021 17:40:56.767"/>
</kw>
<kw name="Open Application" library="AppiumLibrary">
<arg>http://localhost:4723/wd/hub</arg>
<arg>noReset=true</arg>
<arg>deviceName=Emulator</arg>
<arg>platformVersion=10</arg>
<arg>appPackage=com.kinoplex_app3</arg>
<arg>appActivity=MainActivity</arg>
<arg>platformName=android</arg>
<arg>udid=emulator-5554</arg>
<arg>app=${EXECDIR}/app/kinoplex.apk</arg>
<doc>Opens a new application to given Appium server.
Capabilities of appium server, Android and iOS,
Please check https://github.com/appium/appium/blob/master/docs/en/writing-running-appium/server-args.md
| *Option*            | *Man.* | *Description*     |
| remote_url          | Yes    | Appium server url |
| alias               | no     | alias             |</doc>
<status status="PASS" starttime="20211021 17:40:56.767" endtime="20211021 17:41:05.888"/>
</kw>
<status status="PASS" starttime="20211021 17:40:56.767" endtime="20211021 17:41:05.888"/>
</kw>
<kw name="Wait Until Page Contains" library="AppiumLibrary">
<arg>VER MAIS</arg>
<doc>Waits until `text` appears on current page.</doc>
<status status="PASS" starttime="20211021 17:41:05.888" endtime="20211021 17:41:09.406"/>
</kw>
<kw name="Click Text" library="AppiumLibrary">
<arg>FILMES</arg>
<doc>Click text identified by ``text``.</doc>
<status status="PASS" starttime="20211021 17:41:09.407" endtime="20211021 17:41:09.529"/>
</kw>
<kw name="Wait Until Page Contains" library="AppiumLibrary">
<arg>FILMES</arg>
<doc>Waits until `text` appears on current page.</doc>
<status status="PASS" starttime="20211021 17:41:09.530" endtime="20211021 17:41:09.693"/>
</kw>
<kw name="Sleep" library="BuiltIn">
<arg>2</arg>
<doc>Pauses the test executed for the given time.</doc>
<msg timestamp="20211021 17:41:11.698" level="INFO">Slept 2 seconds</msg>
<status status="PASS" starttime="20211021 17:41:09.694" endtime="20211021 17:41:11.698"/>
</kw>
<kw name="Click Element" library="AppiumLibrary">
<arg>xpath=/hierarchy/android.widget.FrameLayout/android.widget.LinearLayout/android.widget.FrameLayout/android.widget.LinearLayout/android.widget.FrameLayout/android.widget.FrameLayout/android.view.ViewGroup/android.view.ViewGroup/android.view.ViewGroup[2]/android.view.ViewGroup/android.widget.FrameLayout/android.view.ViewGroup/android.view.ViewGroup/android.view.ViewGroup/android.view.ViewGroup[2]</arg>
<doc>Click element identified by `locator`.</doc>
<msg timestamp="20211021 17:41:11.700" level="INFO">Clicking element 'xpath=/hierarchy/android.widget.FrameLayout/android.widget.LinearLayout/android.widget.FrameLayout/android.widget.LinearLayout/android.widget.FrameLayout/android.widget.FrameLayout/android.view.ViewGroup/android.view.ViewGroup/android.view.ViewGroup[2]/android.view.ViewGroup/android.widget.FrameLayout/android.view.ViewGroup/android.view.ViewGroup/android.view.ViewGroup/android.view.ViewGroup[2]'.</msg>
<status status="PASS" starttime="20211021 17:41:11.699" endtime="20211021 17:41:11.791"/>
</kw>
<kw name="Wait Until Page Contains" library="AppiumLibrary">
<arg>FILTRO</arg>
<doc>Waits until `text` appears on current page.</doc>
<status status="PASS" starttime="20211021 17:41:11.792" endtime="20211021 17:41:12.912"/>
</kw>
<kw name="Click Text" library="AppiumLibrary">
<arg>AÇÃO</arg>
<doc>Click text identified by ``text``.</doc>
<status status="PASS" starttime="20211021 17:41:12.913" endtime="20211021 17:41:13.024"/>
</kw>
<kw name="Swipe" library="AppiumLibrary">
<arg>868</arg>
<arg>1441</arg>
<arg>866</arg>
<arg>955</arg>
<doc>Swipe from one point to another point, for an optional duration.</doc>
<status status="PASS" starttime="20211021 17:41:13.025" endtime="20211021 17:41:14.412"/>
</kw>
<kw name="Click Text" library="AppiumLibrary">
<arg>FILTRAR</arg>
<doc>Click text identified by ``text``.</doc>
<status status="PASS" starttime="20211021 17:41:14.413" endtime="20211021 17:41:14.702"/>
</kw>
<kw name="Wait Until Page Contains" library="AppiumLibrary">
<arg>GODZILLA VS KONG</arg>
<doc>Waits until `text` appears on current page.</doc>
<status status="PASS" starttime="20211021 17:41:14.703" endtime="20211021 17:41:15.734"/>
</kw>
<kw name="Close Session" library="base" type="TEARDOWN">
<kw name="Capture Page Screenshot" library="AppiumLibrary">
<doc>Takes a screenshot of the current page and embeds it into the log.</doc>
<msg timestamp="20211021 17:41:16.036" level="INFO" html="true">&lt;/td&gt;&lt;/tr&gt;&lt;tr&gt;&lt;td colspan="3"&gt;&lt;a href="appium-screenshot-6.png"&gt;&lt;img src="appium-screenshot-6.png" width="800px"&gt;&lt;/a&gt;</msg>
<status status="PASS" starttime="20211021 17:41:15.735" endtime="20211021 17:41:16.037"/>
</kw>
<kw name="Close Application" library="AppiumLibrary">
<doc>Closes the current application and also close webdriver session.</doc>
<status status="PASS" starttime="20211021 17:41:16.037" endtime="20211021 17:41:16.425"/>
</kw>
<status status="PASS" starttime="20211021 17:41:15.734" endtime="20211021 17:41:16.425"/>
</kw>
<status status="PASS" starttime="20211021 17:40:56.766" endtime="20211021 17:41:16.425"/>
</test>
<status status="PASS" starttime="20211021 17:40:41.355" endtime="20211021 17:41:16.426"/>
</suite>
<suite id="s1-s4" name="Login" source="C:\Scale\Kinoplexapp\tests\login.robot">
<test id="s1-s4-t1" name="Efetuar o login com sucesso">
<kw name="Open Session" library="base" type="SETUP">
<kw name="Set Appium Timeout" library="AppiumLibrary">
<arg>30</arg>
<doc>Sets the timeout in seconds used by various keywords.</doc>
<status status="PASS" starttime="20211021 17:41:16.435" endtime="20211021 17:41:16.435"/>
</kw>
<kw name="Open Application" library="AppiumLibrary">
<arg>http://localhost:4723/wd/hub</arg>
<arg>noReset=true</arg>
<arg>deviceName=Emulator</arg>
<arg>platformVersion=10</arg>
<arg>appPackage=com.kinoplex_app3</arg>
<arg>appActivity=MainActivity</arg>
<arg>platformName=android</arg>
<arg>udid=emulator-5554</arg>
<arg>app=${EXECDIR}/app/kinoplex.apk</arg>
<doc>Opens a new application to given Appium server.
Capabilities of appium server, Android and iOS,
Please check https://github.com/appium/appium/blob/master/docs/en/writing-running-appium/server-args.md
| *Option*            | *Man.* | *Description*     |
| remote_url          | Yes    | Appium server url |
| alias               | no     | alias             |</doc>
<status status="PASS" starttime="20211021 17:41:16.436" endtime="20211021 17:41:25.548"/>
</kw>
<status status="PASS" starttime="20211021 17:41:16.434" endtime="20211021 17:41:25.548"/>
</kw>
<kw name="Get Login" library="base">
<kw name="Wait Until Page Contains" library="AppiumLibrary">
<arg>VER MAIS</arg>
<doc>Waits until `text` appears on current page.</doc>
<status status="PASS" starttime="20211021 17:41:25.549" endtime="20211021 17:41:28.889"/>
</kw>
<kw name="Click Element" library="AppiumLibrary">
<arg>xpath=/hierarchy/android.widget.FrameLayout/android.widget.LinearLayout/android.widget.FrameLayout/android.widget.LinearLayout/android.widget.FrameLayout/android.widget.FrameLayout/android.view.ViewGroup/android.view.ViewGroup/android.view.ViewGroup[2]/android.view.ViewGroup/android.widget.FrameLayout/android.view.ViewGroup/android.view.ViewGroup/android.view.ViewGroup/android.view.ViewGroup[2]/android.view.ViewGroup[6]/android.widget.TextView</arg>
<doc>Click element identified by `locator`.</doc>
<msg timestamp="20211021 17:41:28.890" level="INFO">Clicking element 'xpath=/hierarchy/android.widget.FrameLayout/android.widget.LinearLayout/android.widget.FrameLayout/android.widget.LinearLayout/android.widget.FrameLayout/android.widget.FrameLayout/android.view.ViewGroup/android.view.ViewGroup/android.view.ViewGroup[2]/android.view.ViewGroup/android.widget.FrameLayout/android.view.ViewGroup/android.view.ViewGroup/android.view.ViewGroup/android.view.ViewGroup[2]/android.view.ViewGroup[6]/android.widget.TextView'.</msg>
<status status="PASS" starttime="20211021 17:41:28.889" endtime="20211021 17:41:29.013"/>
</kw>
<kw name="Wait Until Page Contains" library="AppiumLibrary">
<arg>PROMOÇÕES</arg>
<doc>Waits until `text` appears on current page.</doc>
<status status="PASS" starttime="20211021 17:41:29.014" endtime="20211021 17:41:30.762"/>
</kw>
<kw name="Click Text" library="AppiumLibrary">
<arg>ENTRAR</arg>
<doc>Click text identified by ``text``.</doc>
<status status="PASS" starttime="20211021 17:41:30.762" endtime="20211021 17:41:30.837"/>
</kw>
<kw name="Wait Until Page Contains" library="AppiumLibrary">
<arg>LOGIN</arg>
<doc>Waits until `text` appears on current page.</doc>
<status status="PASS" starttime="20211021 17:41:30.837" endtime="20211021 17:41:32.761"/>
</kw>
<kw name="Input Text" library="AppiumLibrary">
<arg>xpath=/hierarchy/android.widget.FrameLayout/android.widget.LinearLayout/android.widget.FrameLayout/android.widget.LinearLayout/android.widget.FrameLayout/android.widget.FrameLayout/android.view.ViewGroup/android.view.ViewGroup/android.view.ViewGroup[2]/android.view.ViewGroup/android.widget.FrameLayout/android.view.ViewGroup/android.view.ViewGroup/android.view.ViewGroup/android.widget.ScrollView/android.view.ViewGroup/android.view.ViewGroup[3]/android.widget.EditText[1]</arg>
<arg>edgar.moreira@kinoplex.com.br</arg>
<doc>Types the given `text` into text field identified by `locator`.</doc>
<msg timestamp="20211021 17:41:32.762" level="INFO">Typing text 'edgar.moreira@kinoplex.com.br' into text field 'xpath=/hierarchy/android.widget.FrameLayout/android.widget.LinearLayout/android.widget.FrameLayout/android.widget.LinearLayout/android.widget.FrameLayout/android.widget.FrameLayout/android.view.ViewGroup/android.view.ViewGroup/android.view.ViewGroup[2]/android.view.ViewGroup/android.widget.FrameLayout/android.view.ViewGroup/android.view.ViewGroup/android.view.ViewGroup/android.widget.ScrollView/android.view.ViewGroup/android.view.ViewGroup[3]/android.widget.EditText[1]'</msg>
<status status="PASS" starttime="20211021 17:41:32.761" endtime="20211021 17:41:33.443"/>
</kw>
<kw name="Input Text" library="AppiumLibrary">
<arg>xpath=/hierarchy/android.widget.FrameLayout/android.widget.LinearLayout/android.widget.FrameLayout/android.widget.LinearLayout/android.widget.FrameLayout/android.widget.FrameLayout/android.view.ViewGroup/android.view.ViewGroup/android.view.ViewGroup[2]/android.view.ViewGroup/android.widget.FrameLayout/android.view.ViewGroup/android.view.ViewGroup/android.view.ViewGroup/android.widget.ScrollView/android.view.ViewGroup/android.view.ViewGroup[3]/android.widget.EditText[2]</arg>
<arg>matheus</arg>
<doc>Types the given `text` into text field identified by `locator`.</doc>
<msg timestamp="20211021 17:41:33.444" level="INFO">Typing text 'matheus' into text field 'xpath=/hierarchy/android.widget.FrameLayout/android.widget.LinearLayout/android.widget.FrameLayout/android.widget.LinearLayout/android.widget.FrameLayout/android.widget.FrameLayout/android.view.ViewGroup/android.view.ViewGroup/android.view.ViewGroup[2]/android.view.ViewGroup/android.widget.FrameLayout/android.view.ViewGroup/android.view.ViewGroup/android.view.ViewGroup/android.widget.ScrollView/android.view.ViewGroup/android.view.ViewGroup[3]/android.widget.EditText[2]'</msg>
<status status="PASS" starttime="20211021 17:41:33.443" endtime="20211021 17:41:34.503"/>
</kw>
<kw name="Click Text" library="AppiumLibrary">
<arg>ENTRAR</arg>
<doc>Click text identified by ``text``.</doc>
<status status="PASS" starttime="20211021 17:41:34.503" endtime="20211021 17:41:35.024"/>
</kw>
<kw name="Wait Until Page Contains" library="AppiumLibrary">
<arg>VER MAIS</arg>
<doc>Waits until `text` appears on current page.</doc>
<msg timestamp="20211021 17:42:05.261" level="INFO">&lt;?xml version='1.0' encoding='UTF-8' standalone='yes' ?&gt;
&lt;hierarchy index="0" class="hierarchy" rotation="0" width="1080" height="1794"&gt;
  &lt;android.widget.FrameLayout index="0" package="com.kinoplex_app3" class="android.widget.FrameLayout" text="" checkable="false" checked="false" clickable="false" enabled="true" focusable="false" focused="false" long-clickable="false" password="false" scrollable="false" selected="false" bounds="[0,0][1080,1794]" displayed="true"&gt;
    &lt;android.widget.LinearLayout index="0" package="com.kinoplex_app3" class="android.widget.LinearLayout" text="" checkable="false" checked="false" clickable="false" enabled="true" focusable="false" focused="false" long-clickable="false" password="false" scrollable="false" selected="false" bounds="[0,0][1080,1794]" displayed="true"&gt;
      &lt;android.widget.FrameLayout index="0" package="com.kinoplex_app3" class="android.widget.FrameLayout" text="" checkable="false" checked="false" clickable="false" enabled="true" focusable="false" focused="false" long-clickable="false" password="false" scrollable="false" selected="false" bounds="[0,63][1080,1794]" displayed="true"&gt;
        &lt;android.widget.LinearLayout index="0" package="com.kinoplex_app3" class="android.widget.LinearLayout" text="" resource-id="com.kinoplex_app3:id/action_bar_root" checkable="false" checked="false" clickable="false" enabled="true" focusable="false" focused="false" long-clickable="false" password="false" scrollable="false" selected="false" bounds="[0,63][1080,1794]" displayed="true"&gt;
          &lt;android.widget.FrameLayout index="0" package="com.kinoplex_app3" class="android.widget.FrameLayout" text="" resource-id="android:id/content" checkable="false" checked="false" clickable="false" enabled="true" focusable="false" focused="false" long-clickable="false" password="false" scrollable="false" selected="false" bounds="[0,63][1080,1794]" displayed="true"&gt;
            &lt;android.widget.FrameLayout index="0" package="com.kinoplex_app3" class="android.widget.FrameLayout" text="" checkable="false" checked="false" clickable="false" enabled="true" focusable="false" focused="false" long-clickable="false" password="false" scrollable="false" selected="false" bounds="[0,63][1080,1794]" displayed="true"&gt;
              &lt;android.view.ViewGroup index="0" package="com.kinoplex_app3" class="android.view.ViewGroup" text="" checkable="false" checked="false" clickable="false" enabled="true" focusable="false" focused="false" long-clickable="false" password="false" scrollable="false" selected="false" bounds="[0,63][1080,1794]" displayed="true"&gt;
                &lt;android.view.ViewGroup index="0" package="com.kinoplex_app3" class="android.view.ViewGroup" text="" checkable="false" checked="false" clickable="false" enabled="true" focusable="false" focused="false" long-clickable="false" password="false" scrollable="false" selected="false" bounds="[0,63][1080,1794]" displayed="true"&gt;
                  &lt;android.view.ViewGroup index="0" package="com.kinoplex_app3" class="android.view.ViewGroup" text="" checkable="false" checked="false" clickable="false" enabled="true" focusable="false" focused="false" long-clickable="false" password="false" scrollable="false" selected="false" bounds="[0,63][216,1794]" displayed="true" /&gt;
                  &lt;android.view.ViewGroup index="1" package="com.kinoplex_app3" class="android.view.ViewGroup" text="" checkable="false" checked="false" clickable="false" enabled="true" focusable="false" focused="false" long-clickable="false" password="false" scrollable="false" selected="false" bounds="[0,63][1080,1794]" displayed="true"&gt;
                    &lt;android.view.ViewGroup index="1" package="com.kinoplex_app3" class="android.view.ViewGroup" text="" checkable="false" checked="false" clickable="false" enabled="true" focusable="false" focused="false" long-clickable="false" password="false" scrollable="false" selected="false" bounds="[0,63][1080,1794]" displayed="true"&gt;
                      &lt;android.widget.FrameLayout index="0" package="com.kinoplex_app3" class="android.widget.FrameLayout" text="" checkable="false" checked="false" clickable="false" enabled="true" focusable="false" focused="false" long-clickable="false" password="false" scrollable="false" selected="false" bounds="[0,63][1080,1794]" displayed="true"&gt;
                        &lt;android.view.ViewGroup index="0" package="com.kinoplex_app3" class="android.view.ViewGroup" text="" checkable="false" checked="false" clickable="false" enabled="true" focusable="false" focused="false" long-clickable="false" password="false" scrollable="false" selected="false" bounds="[0,63][1080,1794]" displayed="true"&gt;
                          &lt;android.view.ViewGroup index="0" package="com.kinoplex_app3" class="android.view.ViewGroup" text="" checkable="false" checked="false" clickable="true" enabled="true" focusable="true" focused="false" long-clickable="false" password="false" scrollable="false" selected="false" bounds="[0,63][1080,1794]" displayed="true"&gt;
                            &lt;android.view.ViewGroup index="0" package="com.kinoplex_app3" class="android.view.ViewGroup" text="" checkable="false" checked="false" clickable="false" enabled="true" focusable="false" focused="false" long-clickable="false" password="false" scrollable="false" selected="false" bounds="[0,63][1080,1794]" displayed="true"&gt;
                              &lt;android.widget.ScrollView index="0" package="com.kinoplex_app3" class="android.widget.ScrollView" text="" checkable="false" checked="false" clickable="false" enabled="true" focusable="true" focused="false" long-clickable="false" password="false" scrollable="false" selected="false" bounds="[0,63][1080,1676]" displayed="true"&gt;
                                &lt;android.view.ViewGroup index="0" package="com.kinoplex_app3" class="android.view.ViewGroup" text="" checkable="false" checked="false" clickable="false" enabled="true" focusable="false" focused="false" long-clickable="false" password="false" scrollable="false" selected="false" bounds="[0,63][1080,1633]" displayed="true"&gt;
                                  &lt;android.view.ViewGroup index="0" package="com.kinoplex_app3" class="android.view.ViewGroup" text="" checkable="false" checked="false" clickable="false" enabled="true" focusable="false" focused="false" long-clickable="false" password="false" scrollable="false" selected="false" bounds="[54,314][1026,481]" displayed="true"&gt;
                                    &lt;android.widget.TextView index="0" package="com.kinoplex_app3" class="android.widget.TextView" text="CONECTE-SE E PARTICIPE DE&amp;#10; PROMOÇÕES ESPECIAIS!" checkable="false" checked="false" clickable="false" enabled="true" focusable="false" focused="false" long-clickable="false" password="false" scrollable="false" selected="false" bounds="[54,314][1026,480]" displayed="true" /&gt;
                                  &lt;/android.view.ViewGroup&gt;
                                  &lt;android.view.ViewGroup index="1" package="com.kinoplex_app3" class="android.view.ViewGroup" text="" checkable="false" checked="false" clickable="false" enabled="true" focusable="false" focused="false" long-clickable="false" password="false" scrollable="false" selected="false" bounds="[54,517][1026,750]" displayed="true"&gt;
                                    &lt;android.view.ViewGroup index="0" package="com.kinoplex_app3" class="android.view.ViewGroup" text="" checkable="false" checked="false" clickable="true" enabled="true" focusable="true" focused="false" long-clickable="false" password="false" scrollable="false" selected="false" bounds="[54,543][1026,661]" displayed="true"&gt;
                                      &lt;android.view.ViewGroup index="0" package="com.kinoplex_app3" class="android.view.ViewGroup" text="" checkable="false" checked="false" clickable="false" enabled="true" focusable="false" focused="false" long-clickable="false" password="false" scrollable="false" selected="false" bounds="[188,569][254,634]" displayed="true"&gt;
                                        &lt;android.widget.TextView index="0" package="com.kinoplex_app3" class="android.widget.TextView" text="" checkable="false" checked="false" clickable="false" enabled="true" focusable="false" focused="false" long-clickable="false" password="false" scrollable="false" selected="false" bounds="[188,569][254,634]" displayed="true" /&gt;
                                      &lt;/android.view.ViewGroup&gt;
                                      &lt;android.widget.TextView index="1" package="com.kinoplex_app3" class="android.widget.TextView" text="Entrar com Facebook" checkable="false" checked="false" clickable="false" enabled="true" focusable="false" focused="false" long-clickable="false" password="false" scrollable="false" selected="false" bounds="[362,574][1000,631]" displayed="true" /&gt;
                                    &lt;/android.view.ViewGroup&gt;
                                  &lt;/android.view.ViewGroup&gt;
                                  &lt;android.widget.TextView index="2" package="com.kinoplex_app3" class="android.widget.TextView" text="OU" checkable="false" checked="false" clickable="false" enabled="true" focusable="false" focused="false" long-clickable="false" password="false" scrollable="false" selected="false" bounds="[511,786][570,845]" displayed="true" /&gt;
                                  &lt;android.view.ViewGroup index="3" package="com.kinoplex_app3" class="android.view.ViewGroup" text="" checkable="false" checked="false" clickable="false" enabled="true" focusable="false" focused="false" long-clickable="false" password="false" scrollable="false" selected="false" bounds="[54,845][1026,1363]" displayed="true"&gt;
                                    &lt;android.widget.EditText index="0" package="com.kinoplex_app3" class="android.widget.EditText" text="edgar.moreira@kinoplex.com.br" checkable="false" checked="false" clickable="true" enabled="true" focusable="true" focused="false" long-clickable="true" password="false" scrollable="false" selected="false" bounds="[54,877][1026,991]" displayed="true" /&gt;
                                    &lt;android.widget.EditText index="1" package="com.kinoplex_app3" class="android.widget.EditText" text="•••••••" checkable="false" checked="false" clickable="true" enabled="true" focusable="true" focused="false" long-clickable="true" password="true" scrollable="false" selected="false" bounds="[54,1024][1026,1138]" displayed="true" /&gt;
                                    &lt;android.view.ViewGroup index="2" package="com.kinoplex_app3" class="android.view.ViewGroup" text="" checkable="false" checked="false" clickable="true" enabled="true" focusable="true" focused="false" long-clickable="false" password="false" scrollable="false" selected="false" bounds="[54,1203][1026,1306]" displayed="true"&gt;
                                      &lt;android.widget.TextView index="0" package="com.kinoplex_app3" class="android.widget.TextView" text="ENTRAR" checkable="false" checked="false" clickable="false" enabled="true" focusable="false" focused="false" long-clickable="false" password="false" scrollable="false" selected="false" bounds="[80,1229][1000,1280]" displayed="true" /&gt;
                                    &lt;/android.view.ViewGroup&gt;
                                  &lt;/android.view.ViewGroup&gt;
                                  &lt;android.widget.TextView index="4" package="com.kinoplex_app3" class="android.widget.TextView" text="OU" checkable="false" checked="false" clickable="false" enabled="true" focusable="false" focused="false" long-clickable="false" password="false" scrollable="false" selected="false" bounds="[511,1399][570,1458]" displayed="true" /&gt;
                                  &lt;android.view.ViewGroup index="5" package="com.kinoplex_app3" class="android.view.ViewGroup" text="" checkable="false" checked="false" clickable="true" enabled="true" focusable="true" focused="false" long-clickable="false" password="false" scrollable="false" selected="false" bounds="[54,1494][521,1597]" displayed="true"&gt;
                                    &lt;android.widget.TextView index="0" package="com.kinoplex_app3" class="android.widget.TextView" text="AJUDA?" checkable="false" checked="false" clickable="false" enabled="true" focusable="false" focused="false" long-clickable="false" password="false" scrollable="false" selected="false" bounds="[80,1520][494,1571]" displayed="true" /&gt;
                                  &lt;/android.view.ViewGroup&gt;
                                  &lt;android.view.ViewGroup index="6" package="com.kinoplex_app3" class="android.view.ViewGroup" text="" checkable="false" checked="false" clickable="true" enabled="true" focusable="true" focused="false" long-clickable="false" password="false" scrollable="false" selected="false" bounds="[559,1494][1026,1597]" displayed="true"&gt;
                                    &lt;android.widget.TextView index="0" package="com.kinoplex_app3" class="android.widget.TextView" text="CADASTRE-SE" checkable="false" checked="false" clickable="false" enabled="true" focusable="false" focused="false" long-clickable="false" password="false" scrollable="false" selected="false" bounds="[585,1520][999,1571]" displayed="true" /&gt;
                                  &lt;/android.view.ViewGroup&gt;
                                &lt;/android.view.ViewGroup&gt;
                              &lt;/android.widget.ScrollView&gt;
                              &lt;android.view.ViewGroup index="1" package="com.kinoplex_app3" class="android.view.ViewGroup" text="" checkable="false" checked="false" clickable="false" enabled="true" focusable="false" focused="false" long-clickable="false" password="false" scrollable="false" selected="false" bounds="[0,63][1080,296]" displayed="true"&gt;
                                &lt;android.view.ViewGroup index="0" package="com.kinoplex_app3" class="android.view.ViewGroup" text="" checkable="false" checked="false" clickable="true" enabled="true" focusable="true" focused="false" long-clickable="false" password="false" scrollable="false" selected="false" bounds="[32,121][140,239]" displayed="true"&gt;
                                  &lt;android.widget.TextView index="0" package="com.kinoplex_app3" class="android.widget.TextView" text="" checkable="false" checked="false" clickable="false" enabled="true" focusable="false" focused="false" long-clickable="false" password="false" scrollable="false" selected="false" bounds="[32,138][140,223]" displayed="true" /&gt;
                                &lt;/android.view.ViewGroup&gt;
                                &lt;android.widget.TextView index="1" package="com.kinoplex_app3" class="android.widget.TextView" text="KINÉFILOS" checkable="false" checked="false" clickable="false" enabled="true" focusable="false" focused="false" long-clickable="false" password="false" scrollable="false" selected="false" bounds="[375,95][705,187]" displayed="true" /&gt;
                                &lt;android.widget.TextView index="2" package="com.kinoplex_app3" class="android.widget.TextView" text="LOGIN" checkable="false" checked="false" clickable="false" enabled="true" focusable="false" focused="false" long-clickable="false" password="false" scrollable="false" selected="false" bounds="[487,195][592,246]" displayed="true" /&gt;
                              &lt;/android.view.ViewGroup&gt;
                              &lt;android.view.ViewGroup index="2" package="com.kinoplex_app3" class="android.view.ViewGroup" text="" checkable="false" checked="false" clickable="false" enabled="true" focusable="false" focused="false" long-clickable="false" password="false" scrollable="false" selected="false" bounds="[0,1676][1080,1794]" displayed="true"&gt;
                                &lt;android.view.ViewGroup index="0" package="com.kinoplex_app3" class="android.view.ViewGroup" text="" checkable="false" checked="false" clickable="true" enabled="true" focusable="true" focused="false" long-clickable="false" password="false" scrollable="false" selected="false" bounds="[0,1679][162,1794]" displayed="true"&gt;
                                  &lt;android.widget.ImageView index="0" package="com.kinoplex_app3" class="android.widget.ImageView" text="" checkable="false" checked="false" clickable="false" enabled="true" focusable="false" focused="false" long-clickable="false" password="false" scrollable="false" selected="false" bounds="[52,1709][110,1766]" displayed="true" /&gt;
                                &lt;/android.view.ViewGroup&gt;
                                &lt;android.view.ViewGroup index="1" package="com.kinoplex_app3" class="android.view.ViewGroup" text="" checkable="false" checked="false" clickable="true" enabled="true" focusable="true" focused="false" long-clickable="false" password="false" scrollable="false" selected="false" bounds="[162,1679][346,1794]" displayed="true"&gt;
                                  &lt;android.widget.TextView index="0" package="com.kinoplex_app3" class="android.widget.TextView" text="FILMES" checkable="false" checked="false" clickable="false" enabled="true" focusable="false" focused="false" long-clickable="false" password="false" scrollable="false" selected="false" bounds="[208,1720][300,1757]" displayed="true" /&gt;
                                &lt;/android.view.ViewGroup&gt;
                                &lt;android.view.ViewGroup index="2" package="com.kinoplex_app3" class="android.view.ViewGroup" text="" checkable="false" checked="false" clickable="true" enabled="true" focusable="true" focused="false" long-clickable="false" password="false" scrollable="false" selected="false" bounds="[346,1679][551,1794]" displayed="true"&gt;
                                  &lt;android.widget.TextView index="0" package="com.kinoplex_app3" class="android.widget.TextView" text="CINEMAS" checkable="false" checked="false" clickable="false" enabled="true" focusable="false" focused="false" long-clickable="false" password="false" scrollable="false" selected="false" bounds="[390,1720][507,1757]" displayed="true" /&gt;
                                &lt;/android.view.ViewGroup&gt;
                                &lt;android.view.ViewGroup index="3" package="com.kinoplex_app3" class="android.view.ViewGroup" text="" checkable="false" checked="false" clickable="true" enabled="true" focusable="true" focused="false" long-clickable="false" password="false" scrollable="false" selected="false" bounds="[551,1679][756,1794]" displayed="true"&gt;
                                  &lt;android.widget.TextView index="0" package="com.kinoplex_app3" class="android.widget.TextView" text="PREÇOS" checkable="false" checked="false" clickable="false" enabled="true" focusable="false" focused="false" long-clickable="false" password="false" scrollable="false" selected="false" bounds="[603,1720][705,1757]" displayed="true" /&gt;
                                &lt;/android.view.ViewGroup&gt;
                                &lt;android.view.ViewGroup index="4" package="com.kinoplex_app3" class="android.view.ViewGroup" text="" checkable="false" checked="false" clickable="true" enabled="true" focusable="true" focused="false" long-clickable="false" password="false" scrollable="false" selected="false" bounds="[756,1679][918,1794]" displayed="true"&gt;
                                  &lt;android.widget.TextView index="0" package="com.kinoplex_app3" class="android.widget.TextView" text="" checkable="false" checked="false" clickable="false" enabled="true" focusable="false" focused="false" long-clickable="false" password="false" scrollable="false" selected="false" bounds="[815,1714][860,1763]" displayed="true" /&gt;
                                &lt;/android.view.ViewGroup&gt;
                                &lt;android.view.ViewGroup index="5" package="com.kinoplex_app3" class="android.view.ViewGroup" text="" checkable="false" checked="false" clickable="true" enabled="true" focusable="true" focused="false" long-clickable="false" password="false" scrollable="false" selected="false" bounds="[918,1679][1080,1794]" displayed="true"&gt;
                                  &lt;android.widget.TextView index="0" package="com.kinoplex_app3" class="android.widget.TextView" text="" checkable="false" checked="false" clickable="false" enabled="true" focusable="false" focused="false" long-clickable="false" password="false" scrollable="false" selected="false" bounds="[979,1714][1020,1763]" displayed="true" /&gt;
                                &lt;/android.view.ViewGroup&gt;
                              &lt;/android.view.ViewGroup&gt;
                            &lt;/android.view.ViewGroup&gt;
                          &lt;/android.view.ViewGroup&gt;
                        &lt;/android.view.ViewGroup&gt;
                      &lt;/android.widget.FrameLayout&gt;
                    &lt;/android.view.ViewGroup&gt;
                  &lt;/android.view.ViewGroup&gt;
                &lt;/android.view.ViewGroup&gt;
              &lt;/android.view.ViewGroup&gt;
            &lt;/android.widget.FrameLayout&gt;
          &lt;/android.widget.FrameLayout&gt;
        &lt;/android.widget.LinearLayout&gt;
      &lt;/android.widget.FrameLayout&gt;
    &lt;/android.widget.LinearLayout&gt;
  &lt;/android.widget.FrameLayout&gt;
&lt;/hierarchy&gt;</msg>
<kw name="Capture Page Screenshot" library="AppiumLibrary">
<doc>Takes a screenshot of the current page and embeds it into the log.</doc>
<msg timestamp="20211021 17:42:05.460" level="INFO" html="true">&lt;/td&gt;&lt;/tr&gt;&lt;tr&gt;&lt;td colspan="3"&gt;&lt;a href="appium-screenshot-7.png"&gt;&lt;img src="appium-screenshot-7.png" width="800px"&gt;&lt;/a&gt;</msg>
<status status="PASS" starttime="20211021 17:42:05.262" endtime="20211021 17:42:05.461"/>
</kw>
<msg timestamp="20211021 17:42:05.462" level="FAIL">Text 'VER MAIS' did not appear in 30 seconds</msg>
<status status="FAIL" starttime="20211021 17:41:35.024" endtime="20211021 17:42:05.462"/>
</kw>
<kw name="Click Element" library="AppiumLibrary">
<arg>xpath=/hierarchy/android.widget.FrameLayout/android.widget.LinearLayout/android.widget.FrameLayout/android.widget.LinearLayout/android.widget.FrameLayout/android.widget.FrameLayout/android.view.ViewGroup/android.view.ViewGroup/android.view.ViewGroup[2]/android.view.ViewGroup/android.widget.FrameLayout/android.view.ViewGroup/android.view.ViewGroup/android.view.ViewGroup/android.view.ViewGroup[2]/android.view.ViewGroup[6]/android.widget.TextView</arg>
<doc>Click element identified by `locator`.</doc>
<status status="NOT RUN" starttime="20211021 17:42:05.462" endtime="20211021 17:42:05.462"/>
</kw>
<kw name="Wait Until Page Contains" library="AppiumLibrary">
<arg>PROMOÇÕES</arg>
<doc>Waits until `text` appears on current page.</doc>
<status status="NOT RUN" starttime="20211021 17:42:05.462" endtime="20211021 17:42:05.462"/>
</kw>
<status status="FAIL" starttime="20211021 17:41:25.548" endtime="20211021 17:42:05.463"/>
</kw>
<kw name="Close Session" library="base" type="TEARDOWN">
<kw name="Capture Page Screenshot" library="AppiumLibrary">
<doc>Takes a screenshot of the current page and embeds it into the log.</doc>
<msg timestamp="20211021 17:42:05.660" level="INFO" html="true">&lt;/td&gt;&lt;/tr&gt;&lt;tr&gt;&lt;td colspan="3"&gt;&lt;a href="appium-screenshot-8.png"&gt;&lt;img src="appium-screenshot-8.png" width="800px"&gt;&lt;/a&gt;</msg>
<status status="PASS" starttime="20211021 17:42:05.464" endtime="20211021 17:42:05.660"/>
</kw>
<kw name="Close Application" library="AppiumLibrary">
<doc>Closes the current application and also close webdriver session.</doc>
<status status="PASS" starttime="20211021 17:42:05.660" endtime="20211021 17:42:06.059"/>
</kw>
<status status="PASS" starttime="20211021 17:42:05.464" endtime="20211021 17:42:06.059"/>
</kw>
<status status="FAIL" starttime="20211021 17:41:16.434" endtime="20211021 17:42:06.060">Text 'VER MAIS' did not appear in 30 seconds</status>
</test>
<test id="s1-s4-t2" name="Efetuar o login com credenciais inválidas">
<kw name="Open Session" library="base" type="SETUP">
<kw name="Set Appium Timeout" library="AppiumLibrary">
<arg>30</arg>
<doc>Sets the timeout in seconds used by various keywords.</doc>
<status status="PASS" starttime="20211021 17:42:06.064" endtime="20211021 17:42:06.064"/>
</kw>
<kw name="Open Application" library="AppiumLibrary">
<arg>http://localhost:4723/wd/hub</arg>
<arg>noReset=true</arg>
<arg>deviceName=Emulator</arg>
<arg>platformVersion=10</arg>
<arg>appPackage=com.kinoplex_app3</arg>
<arg>appActivity=MainActivity</arg>
<arg>platformName=android</arg>
<arg>udid=emulator-5554</arg>
<arg>app=${EXECDIR}/app/kinoplex.apk</arg>
<doc>Opens a new application to given Appium server.
Capabilities of appium server, Android and iOS,
Please check https://github.com/appium/appium/blob/master/docs/en/writing-running-appium/server-args.md
| *Option*            | *Man.* | *Description*     |
| remote_url          | Yes    | Appium server url |
| alias               | no     | alias             |</doc>
<status status="PASS" starttime="20211021 17:42:06.064" endtime="20211021 17:42:15.207"/>
</kw>
<status status="PASS" starttime="20211021 17:42:06.062" endtime="20211021 17:42:15.207"/>
</kw>
<kw name="Get Login Invalido" library="base">
<kw name="Wait Until Page Contains" library="AppiumLibrary">
<arg>VER MAIS</arg>
<doc>Waits until `text` appears on current page.</doc>
<status status="PASS" starttime="20211021 17:42:15.208" endtime="20211021 17:42:17.936"/>
</kw>
<kw name="Click Element" library="AppiumLibrary">
<arg>xpath=/hierarchy/android.widget.FrameLayout/android.widget.LinearLayout/android.widget.FrameLayout/android.widget.LinearLayout/android.widget.FrameLayout/android.widget.FrameLayout/android.view.ViewGroup/android.view.ViewGroup/android.view.ViewGroup[2]/android.view.ViewGroup/android.widget.FrameLayout/android.view.ViewGroup/android.view.ViewGroup/android.view.ViewGroup/android.view.ViewGroup[2]/android.view.ViewGroup[6]/android.widget.TextView</arg>
<doc>Click element identified by `locator`.</doc>
<msg timestamp="20211021 17:42:17.937" level="INFO">Clicking element 'xpath=/hierarchy/android.widget.FrameLayout/android.widget.LinearLayout/android.widget.FrameLayout/android.widget.LinearLayout/android.widget.FrameLayout/android.widget.FrameLayout/android.view.ViewGroup/android.view.ViewGroup/android.view.ViewGroup[2]/android.view.ViewGroup/android.widget.FrameLayout/android.view.ViewGroup/android.view.ViewGroup/android.view.ViewGroup/android.view.ViewGroup[2]/android.view.ViewGroup[6]/android.widget.TextView'.</msg>
<status status="PASS" starttime="20211021 17:42:17.936" endtime="20211021 17:42:18.996"/>
</kw>
<kw name="Wait Until Page Contains" library="AppiumLibrary">
<arg>PROMOÇÕES</arg>
<doc>Waits until `text` appears on current page.</doc>
<status status="PASS" starttime="20211021 17:42:18.997" endtime="20211021 17:42:20.832"/>
</kw>
<kw name="Click Text" library="AppiumLibrary">
<arg>SAIR</arg>
<doc>Click text identified by ``text``.</doc>
<status status="PASS" starttime="20211021 17:42:20.832" endtime="20211021 17:42:20.923"/>
</kw>
<kw name="Wait Until Page Contains" library="AppiumLibrary">
<arg>VER MAIS</arg>
<doc>Waits until `text` appears on current page.</doc>
<status status="PASS" starttime="20211021 17:42:20.923" endtime="20211021 17:42:21.120"/>
</kw>
<kw name="Click Element" library="AppiumLibrary">
<arg>xpath=/hierarchy/android.widget.FrameLayout/android.widget.LinearLayout/android.widget.FrameLayout/android.widget.LinearLayout/android.widget.FrameLayout/android.widget.FrameLayout/android.view.ViewGroup/android.view.ViewGroup/android.view.ViewGroup[2]/android.view.ViewGroup/android.widget.FrameLayout/android.view.ViewGroup/android.view.ViewGroup/android.view.ViewGroup/android.view.ViewGroup[2]/android.view.ViewGroup[6]/android.widget.TextView</arg>
<doc>Click element identified by `locator`.</doc>
<msg timestamp="20211021 17:42:21.122" level="INFO">Clicking element 'xpath=/hierarchy/android.widget.FrameLayout/android.widget.LinearLayout/android.widget.FrameLayout/android.widget.LinearLayout/android.widget.FrameLayout/android.widget.FrameLayout/android.view.ViewGroup/android.view.ViewGroup/android.view.ViewGroup[2]/android.view.ViewGroup/android.widget.FrameLayout/android.view.ViewGroup/android.view.ViewGroup/android.view.ViewGroup/android.view.ViewGroup[2]/android.view.ViewGroup[6]/android.widget.TextView'.</msg>
<status status="PASS" starttime="20211021 17:42:21.120" endtime="20211021 17:42:22.702"/>
</kw>
<kw name="Wait Until Page Contains" library="AppiumLibrary">
<arg>PROMOÇÕES</arg>
<doc>Waits until `text` appears on current page.</doc>
<status status="PASS" starttime="20211021 17:42:22.702" endtime="20211021 17:42:24.410"/>
</kw>
<kw name="Click Text" library="AppiumLibrary">
<arg>ENTRAR</arg>
<doc>Click text identified by ``text``.</doc>
<status status="PASS" starttime="20211021 17:42:24.411" endtime="20211021 17:42:24.488"/>
</kw>
<kw name="Wait Until Page Contains" library="AppiumLibrary">
<arg>LOGIN</arg>
<doc>Waits until `text` appears on current page.</doc>
<status status="PASS" starttime="20211021 17:42:24.488" endtime="20211021 17:42:26.389"/>
</kw>
<kw name="Input Text" library="AppiumLibrary">
<arg>xpath=/hierarchy/android.widget.FrameLayout/android.widget.LinearLayout/android.widget.FrameLayout/android.widget.LinearLayout/android.widget.FrameLayout/android.widget.FrameLayout/android.view.ViewGroup/android.view.ViewGroup/android.view.ViewGroup[2]/android.view.ViewGroup/android.widget.FrameLayout/android.view.ViewGroup/android.view.ViewGroup/android.view.ViewGroup/android.widget.ScrollView/android.view.ViewGroup/android.view.ViewGroup[3]/android.widget.EditText[1]</arg>
<arg>edgar.moreira!kinoplex.com.br</arg>
<doc>Types the given `text` into text field identified by `locator`.</doc>
<msg timestamp="20211021 17:42:26.390" level="INFO">Typing text 'edgar.moreira!kinoplex.com.br' into text field 'xpath=/hierarchy/android.widget.FrameLayout/android.widget.LinearLayout/android.widget.FrameLayout/android.widget.LinearLayout/android.widget.FrameLayout/android.widget.FrameLayout/android.view.ViewGroup/android.view.ViewGroup/android.view.ViewGroup[2]/android.view.ViewGroup/android.widget.FrameLayout/android.view.ViewGroup/android.view.ViewGroup/android.view.ViewGroup/android.widget.ScrollView/android.view.ViewGroup/android.view.ViewGroup[3]/android.widget.EditText[1]'</msg>
<status status="PASS" starttime="20211021 17:42:26.389" endtime="20211021 17:42:27.029"/>
</kw>
<kw name="Input Text" library="AppiumLibrary">
<arg>xpath=/hierarchy/android.widget.FrameLayout/android.widget.LinearLayout/android.widget.FrameLayout/android.widget.LinearLayout/android.widget.FrameLayout/android.widget.FrameLayout/android.view.ViewGroup/android.view.ViewGroup/android.view.ViewGroup[2]/android.view.ViewGroup/android.widget.FrameLayout/android.view.ViewGroup/android.view.ViewGroup/android.view.ViewGroup/android.widget.ScrollView/android.view.ViewGroup/android.view.ViewGroup[3]/android.widget.EditText[2]</arg>
<arg>matheus</arg>
<doc>Types the given `text` into text field identified by `locator`.</doc>
<msg timestamp="20211021 17:42:27.030" level="INFO">Typing text 'matheus' into text field 'xpath=/hierarchy/android.widget.FrameLayout/android.widget.LinearLayout/android.widget.FrameLayout/android.widget.LinearLayout/android.widget.FrameLayout/android.widget.FrameLayout/android.view.ViewGroup/android.view.ViewGroup/android.view.ViewGroup[2]/android.view.ViewGroup/android.widget.FrameLayout/android.view.ViewGroup/android.view.ViewGroup/android.view.ViewGroup/android.widget.ScrollView/android.view.ViewGroup/android.view.ViewGroup[3]/android.widget.EditText[2]'</msg>
<status status="PASS" starttime="20211021 17:42:27.029" endtime="20211021 17:42:28.075"/>
</kw>
<kw name="Click Text" library="AppiumLibrary">
<arg>ENTRAR</arg>
<doc>Click text identified by ``text``.</doc>
<status status="PASS" starttime="20211021 17:42:28.075" endtime="20211021 17:42:28.586"/>
</kw>
<kw name="Wait Until Page Contains" library="AppiumLibrary">
<arg>Dados incorretos</arg>
<doc>Waits until `text` appears on current page.</doc>
<status status="PASS" starttime="20211021 17:42:28.586" endtime="20211021 17:42:30.764"/>
</kw>
<status status="PASS" starttime="20211021 17:42:15.208" endtime="20211021 17:42:30.764"/>
</kw>
<kw name="Close Session" library="base" type="TEARDOWN">
<kw name="Capture Page Screenshot" library="AppiumLibrary">
<doc>Takes a screenshot of the current page and embeds it into the log.</doc>
<msg timestamp="20211021 17:42:30.957" level="INFO" html="true">&lt;/td&gt;&lt;/tr&gt;&lt;tr&gt;&lt;td colspan="3"&gt;&lt;a href="appium-screenshot-9.png"&gt;&lt;img src="appium-screenshot-9.png" width="800px"&gt;&lt;/a&gt;</msg>
<status status="PASS" starttime="20211021 17:42:30.765" endtime="20211021 17:42:30.957"/>
</kw>
<kw name="Close Application" library="AppiumLibrary">
<doc>Closes the current application and also close webdriver session.</doc>
<status status="PASS" starttime="20211021 17:42:30.957" endtime="20211021 17:42:31.328"/>
</kw>
<status status="PASS" starttime="20211021 17:42:30.765" endtime="20211021 17:42:31.328"/>
</kw>
<status status="PASS" starttime="20211021 17:42:06.061" endtime="20211021 17:42:31.330"/>
</test>
<status status="FAIL" starttime="20211021 17:41:16.428" endtime="20211021 17:42:31.335"/>
</suite>
<suite id="s1-s5" name="Pesquisar" source="C:\Scale\Kinoplexapp\tests\pesquisar.robot">
<test id="s1-s5-t1" name="Pesquisar filme pelo nome">
<kw name="Open Session" library="base" type="SETUP">
<kw name="Set Appium Timeout" library="AppiumLibrary">
<arg>30</arg>
<doc>Sets the timeout in seconds used by various keywords.</doc>
<status status="PASS" starttime="20211021 17:42:31.344" endtime="20211021 17:42:31.345"/>
</kw>
<kw name="Open Application" library="AppiumLibrary">
<arg>http://localhost:4723/wd/hub</arg>
<arg>noReset=true</arg>
<arg>deviceName=Emulator</arg>
<arg>platformVersion=10</arg>
<arg>appPackage=com.kinoplex_app3</arg>
<arg>appActivity=MainActivity</arg>
<arg>platformName=android</arg>
<arg>udid=emulator-5554</arg>
<arg>app=${EXECDIR}/app/kinoplex.apk</arg>
<doc>Opens a new application to given Appium server.
Capabilities of appium server, Android and iOS,
Please check https://github.com/appium/appium/blob/master/docs/en/writing-running-appium/server-args.md
| *Option*            | *Man.* | *Description*     |
| remote_url          | Yes    | Appium server url |
| alias               | no     | alias             |</doc>
<status status="PASS" starttime="20211021 17:42:31.345" endtime="20211021 17:42:40.301"/>
</kw>
<status status="PASS" starttime="20211021 17:42:31.344" endtime="20211021 17:42:40.301"/>
</kw>
<kw name="Wait Until Page Contains" library="AppiumLibrary">
<arg>VER MAIS</arg>
<doc>Waits until `text` appears on current page.</doc>
<status status="PASS" starttime="20211021 17:42:40.302" endtime="20211021 17:42:44.462"/>
</kw>
<kw name="Click Element" library="AppiumLibrary">
<arg>xpath=/hierarchy/android.widget.FrameLayout/android.widget.LinearLayout/android.widget.FrameLayout/android.widget.LinearLayout/android.widget.FrameLayout/android.widget.FrameLayout/android.view.ViewGroup/android.view.ViewGroup/android.view.ViewGroup[2]/android.view.ViewGroup/android.widget.FrameLayout/android.view.ViewGroup/android.view.ViewGroup/android.view.ViewGroup/android.view.ViewGroup/android.view.ViewGroup[5]</arg>
<doc>Click element identified by `locator`.</doc>
<msg timestamp="20211021 17:42:44.464" level="INFO">Clicking element 'xpath=/hierarchy/android.widget.FrameLayout/android.widget.LinearLayout/android.widget.FrameLayout/android.widget.LinearLayout/android.widget.FrameLayout/android.widget.FrameLayout/android.view.ViewGroup/android.view.ViewGroup/android.view.ViewGroup[2]/android.view.ViewGroup/android.widget.FrameLayout/android.view.ViewGroup/android.view.ViewGroup/android.view.ViewGroup/android.view.ViewGroup/android.view.ViewGroup[5]'.</msg>
<status status="PASS" starttime="20211021 17:42:44.463" endtime="20211021 17:42:44.569"/>
</kw>
<kw name="Wait Until Page Contains" library="AppiumLibrary">
<arg>PESQUISAR</arg>
<doc>Waits until `text` appears on current page.</doc>
<status status="PASS" starttime="20211021 17:42:44.570" endtime="20211021 17:42:45.389"/>
</kw>
<kw name="Input Text" library="AppiumLibrary">
<arg>xpath=/hierarchy/android.widget.FrameLayout/android.widget.LinearLayout/android.widget.FrameLayout/android.widget.LinearLayout/android.widget.FrameLayout/android.widget.FrameLayout/android.view.ViewGroup/android.view.ViewGroup/android.view.ViewGroup[2]/android.view.ViewGroup/android.widget.FrameLayout/android.view.ViewGroup/android.view.ViewGroup/android.view.ViewGroup/android.widget.ScrollView/android.view.ViewGroup/android.view.ViewGroup[2]/android.widget.EditText</arg>
<arg>Cruella</arg>
<doc>Types the given `text` into text field identified by `locator`.</doc>
<msg timestamp="20211021 17:42:45.391" level="INFO">Typing text 'Cruella' into text field 'xpath=/hierarchy/android.widget.FrameLayout/android.widget.LinearLayout/android.widget.FrameLayout/android.widget.LinearLayout/android.widget.FrameLayout/android.widget.FrameLayout/android.view.ViewGroup/android.view.ViewGroup/android.view.ViewGroup[2]/android.view.ViewGroup/android.widget.FrameLayout/android.view.ViewGroup/android.view.ViewGroup/android.view.ViewGroup/android.widget.ScrollView/android.view.ViewGroup/android.view.ViewGroup[2]/android.widget.EditText'</msg>
<status status="PASS" starttime="20211021 17:42:45.390" endtime="20211021 17:42:45.963"/>
</kw>
<kw name="Sleep" library="BuiltIn">
<arg>2</arg>
<doc>Pauses the test executed for the given time.</doc>
<msg timestamp="20211021 17:42:47.975" level="INFO">Slept 2 seconds</msg>
<status status="PASS" starttime="20211021 17:42:45.964" endtime="20211021 17:42:47.975"/>
</kw>
<kw name="Click Text" library="AppiumLibrary">
<arg>CRUELLA</arg>
<doc>Click text identified by ``text``.</doc>
<status status="PASS" starttime="20211021 17:42:47.977" endtime="20211021 17:42:48.064"/>
</kw>
<kw name="Wait Until Page Contains" library="AppiumLibrary">
<arg>FILMES</arg>
<doc>Waits until `text` appears on current page.</doc>
<status status="PASS" starttime="20211021 17:42:48.065" endtime="20211021 17:42:48.126"/>
</kw>
<kw name="Close Session" library="base" type="TEARDOWN">
<kw name="Capture Page Screenshot" library="AppiumLibrary">
<doc>Takes a screenshot of the current page and embeds it into the log.</doc>
<msg timestamp="20211021 17:42:48.367" level="INFO" html="true">&lt;/td&gt;&lt;/tr&gt;&lt;tr&gt;&lt;td colspan="3"&gt;&lt;a href="appium-screenshot-10.png"&gt;&lt;img src="appium-screenshot-10.png" width="800px"&gt;&lt;/a&gt;</msg>
<status status="PASS" starttime="20211021 17:42:48.127" endtime="20211021 17:42:48.367"/>
</kw>
<kw name="Close Application" library="AppiumLibrary">
<doc>Closes the current application and also close webdriver session.</doc>
<status status="PASS" starttime="20211021 17:42:48.367" endtime="20211021 17:42:48.805"/>
</kw>
<status status="PASS" starttime="20211021 17:42:48.126" endtime="20211021 17:42:48.806"/>
</kw>
<status status="PASS" starttime="20211021 17:42:31.343" endtime="20211021 17:42:48.806"/>
</test>
<test id="s1-s5-t2" name="Pesquisar nome do cinema">
<kw name="Open Session" library="base" type="SETUP">
<kw name="Set Appium Timeout" library="AppiumLibrary">
<arg>30</arg>
<doc>Sets the timeout in seconds used by various keywords.</doc>
<status status="PASS" starttime="20211021 17:42:48.808" endtime="20211021 17:42:48.808"/>
</kw>
<kw name="Open Application" library="AppiumLibrary">
<arg>http://localhost:4723/wd/hub</arg>
<arg>noReset=true</arg>
<arg>deviceName=Emulator</arg>
<arg>platformVersion=10</arg>
<arg>appPackage=com.kinoplex_app3</arg>
<arg>appActivity=MainActivity</arg>
<arg>platformName=android</arg>
<arg>udid=emulator-5554</arg>
<arg>app=${EXECDIR}/app/kinoplex.apk</arg>
<doc>Opens a new application to given Appium server.
Capabilities of appium server, Android and iOS,
Please check https://github.com/appium/appium/blob/master/docs/en/writing-running-appium/server-args.md
| *Option*            | *Man.* | *Description*     |
| remote_url          | Yes    | Appium server url |
| alias               | no     | alias             |</doc>
<status status="PASS" starttime="20211021 17:42:48.808" endtime="20211021 17:42:58.009"/>
</kw>
<status status="PASS" starttime="20211021 17:42:48.807" endtime="20211021 17:42:58.009"/>
</kw>
<kw name="Wait Until Page Contains" library="AppiumLibrary">
<arg>VER MAIS</arg>
<doc>Waits until `text` appears on current page.</doc>
<status status="PASS" starttime="20211021 17:42:58.009" endtime="20211021 17:43:01.862"/>
</kw>
<kw name="Click Element" library="AppiumLibrary">
<arg>xpath=/hierarchy/android.widget.FrameLayout/android.widget.LinearLayout/android.widget.FrameLayout/android.widget.LinearLayout/android.widget.FrameLayout/android.widget.FrameLayout/android.view.ViewGroup/android.view.ViewGroup/android.view.ViewGroup[2]/android.view.ViewGroup/android.widget.FrameLayout/android.view.ViewGroup/android.view.ViewGroup/android.view.ViewGroup/android.view.ViewGroup/android.view.ViewGroup[5]</arg>
<doc>Click element identified by `locator`.</doc>
<msg timestamp="20211021 17:43:01.864" level="INFO">Clicking element 'xpath=/hierarchy/android.widget.FrameLayout/android.widget.LinearLayout/android.widget.FrameLayout/android.widget.LinearLayout/android.widget.FrameLayout/android.widget.FrameLayout/android.view.ViewGroup/android.view.ViewGroup/android.view.ViewGroup[2]/android.view.ViewGroup/android.widget.FrameLayout/android.view.ViewGroup/android.view.ViewGroup/android.view.ViewGroup/android.view.ViewGroup/android.view.ViewGroup[5]'.</msg>
<status status="PASS" starttime="20211021 17:43:01.863" endtime="20211021 17:43:01.965"/>
</kw>
<kw name="Wait Until Page Contains" library="AppiumLibrary">
<arg>PESQUISAR</arg>
<doc>Waits until `text` appears on current page.</doc>
<status status="PASS" starttime="20211021 17:43:01.966" endtime="20211021 17:43:03.195"/>
</kw>
<kw name="Input Text" library="AppiumLibrary">
<arg>xpath=/hierarchy/android.widget.FrameLayout/android.widget.LinearLayout/android.widget.FrameLayout/android.widget.LinearLayout/android.widget.FrameLayout/android.widget.FrameLayout/android.view.ViewGroup/android.view.ViewGroup/android.view.ViewGroup[2]/android.view.ViewGroup/android.widget.FrameLayout/android.view.ViewGroup/android.view.ViewGroup/android.view.ViewGroup/android.widget.ScrollView/android.view.ViewGroup/android.view.ViewGroup[2]/android.widget.EditText</arg>
<arg>Kinoplex</arg>
<doc>Types the given `text` into text field identified by `locator`.</doc>
<msg timestamp="20211021 17:43:03.197" level="INFO">Typing text 'Kinoplex' into text field 'xpath=/hierarchy/android.widget.FrameLayout/android.widget.LinearLayout/android.widget.FrameLayout/android.widget.LinearLayout/android.widget.FrameLayout/android.widget.FrameLayout/android.view.ViewGroup/android.view.ViewGroup/android.view.ViewGroup[2]/android.view.ViewGroup/android.widget.FrameLayout/android.view.ViewGroup/android.view.ViewGroup/android.view.ViewGroup/android.widget.ScrollView/android.view.ViewGroup/android.view.ViewGroup[2]/android.widget.EditText'</msg>
<status status="PASS" starttime="20211021 17:43:03.196" endtime="20211021 17:43:03.788"/>
</kw>
<kw name="Sleep" library="BuiltIn">
<arg>3</arg>
<doc>Pauses the test executed for the given time.</doc>
<msg timestamp="20211021 17:43:06.796" level="INFO">Slept 3 seconds</msg>
<status status="PASS" starttime="20211021 17:43:03.789" endtime="20211021 17:43:06.796"/>
</kw>
<kw name="Wait Until Page Contains" library="AppiumLibrary">
<arg>Kinoplex Amazonas</arg>
<doc>Waits until `text` appears on current page.</doc>
<status status="PASS" starttime="20211021 17:43:06.798" endtime="20211021 17:43:06.933"/>
</kw>
<kw name="Close Session" library="base" type="TEARDOWN">
<kw name="Capture Page Screenshot" library="AppiumLibrary">
<doc>Takes a screenshot of the current page and embeds it into the log.</doc>
<msg timestamp="20211021 17:43:07.152" level="INFO" html="true">&lt;/td&gt;&lt;/tr&gt;&lt;tr&gt;&lt;td colspan="3"&gt;&lt;a href="appium-screenshot-11.png"&gt;&lt;img src="appium-screenshot-11.png" width="800px"&gt;&lt;/a&gt;</msg>
<status status="PASS" starttime="20211021 17:43:06.934" endtime="20211021 17:43:07.152"/>
</kw>
<kw name="Close Application" library="AppiumLibrary">
<doc>Closes the current application and also close webdriver session.</doc>
<status status="PASS" starttime="20211021 17:43:07.152" endtime="20211021 17:43:07.489"/>
</kw>
<status status="PASS" starttime="20211021 17:43:06.933" endtime="20211021 17:43:07.490"/>
</kw>
<status status="PASS" starttime="20211021 17:42:48.807" endtime="20211021 17:43:07.492"/>
</test>
<test id="s1-s5-t3" name="Pesquisar pelo nome da cidade">
<kw name="Open Session" library="base" type="SETUP">
<kw name="Set Appium Timeout" library="AppiumLibrary">
<arg>30</arg>
<doc>Sets the timeout in seconds used by various keywords.</doc>
<status status="PASS" starttime="20211021 17:43:07.493" endtime="20211021 17:43:07.494"/>
</kw>
<kw name="Open Application" library="AppiumLibrary">
<arg>http://localhost:4723/wd/hub</arg>
<arg>noReset=true</arg>
<arg>deviceName=Emulator</arg>
<arg>platformVersion=10</arg>
<arg>appPackage=com.kinoplex_app3</arg>
<arg>appActivity=MainActivity</arg>
<arg>platformName=android</arg>
<arg>udid=emulator-5554</arg>
<arg>app=${EXECDIR}/app/kinoplex.apk</arg>
<doc>Opens a new application to given Appium server.
Capabilities of appium server, Android and iOS,
Please check https://github.com/appium/appium/blob/master/docs/en/writing-running-appium/server-args.md
| *Option*            | *Man.* | *Description*     |
| remote_url          | Yes    | Appium server url |
| alias               | no     | alias             |</doc>
<status status="PASS" starttime="20211021 17:43:07.494" endtime="20211021 17:43:16.589"/>
</kw>
<status status="PASS" starttime="20211021 17:43:07.493" endtime="20211021 17:43:16.590"/>
</kw>
<kw name="Wait Until Page Contains" library="AppiumLibrary">
<arg>VER MAIS</arg>
<doc>Waits until `text` appears on current page.</doc>
<status status="PASS" starttime="20211021 17:43:16.590" endtime="20211021 17:43:20.354"/>
</kw>
<kw name="Click Element" library="AppiumLibrary">
<arg>xpath=/hierarchy/android.widget.FrameLayout/android.widget.LinearLayout/android.widget.FrameLayout/android.widget.LinearLayout/android.widget.FrameLayout/android.widget.FrameLayout/android.view.ViewGroup/android.view.ViewGroup/android.view.ViewGroup[2]/android.view.ViewGroup/android.widget.FrameLayout/android.view.ViewGroup/android.view.ViewGroup/android.view.ViewGroup/android.view.ViewGroup/android.view.ViewGroup[5]</arg>
<doc>Click element identified by `locator`.</doc>
<msg timestamp="20211021 17:43:20.356" level="INFO">Clicking element 'xpath=/hierarchy/android.widget.FrameLayout/android.widget.LinearLayout/android.widget.FrameLayout/android.widget.LinearLayout/android.widget.FrameLayout/android.widget.FrameLayout/android.view.ViewGroup/android.view.ViewGroup/android.view.ViewGroup[2]/android.view.ViewGroup/android.widget.FrameLayout/android.view.ViewGroup/android.view.ViewGroup/android.view.ViewGroup/android.view.ViewGroup/android.view.ViewGroup[5]'.</msg>
<status status="PASS" starttime="20211021 17:43:20.355" endtime="20211021 17:43:20.455"/>
</kw>
<kw name="Wait Until Page Contains" library="AppiumLibrary">
<arg>PESQUISAR</arg>
<doc>Waits until `text` appears on current page.</doc>
<status status="PASS" starttime="20211021 17:43:20.455" endtime="20211021 17:43:21.375"/>
</kw>
<kw name="Input Text" library="AppiumLibrary">
<arg>xpath=/hierarchy/android.widget.FrameLayout/android.widget.LinearLayout/android.widget.FrameLayout/android.widget.LinearLayout/android.widget.FrameLayout/android.widget.FrameLayout/android.view.ViewGroup/android.view.ViewGroup/android.view.ViewGroup[2]/android.view.ViewGroup/android.widget.FrameLayout/android.view.ViewGroup/android.view.ViewGroup/android.view.ViewGroup/android.widget.ScrollView/android.view.ViewGroup/android.view.ViewGroup[2]/android.widget.EditText</arg>
<arg>Osasco</arg>
<doc>Types the given `text` into text field identified by `locator`.</doc>
<msg timestamp="20211021 17:43:21.377" level="INFO">Typing text 'Osasco' into text field 'xpath=/hierarchy/android.widget.FrameLayout/android.widget.LinearLayout/android.widget.FrameLayout/android.widget.LinearLayout/android.widget.FrameLayout/android.widget.FrameLayout/android.view.ViewGroup/android.view.ViewGroup/android.view.ViewGroup[2]/android.view.ViewGroup/android.widget.FrameLayout/android.view.ViewGroup/android.view.ViewGroup/android.view.ViewGroup/android.widget.ScrollView/android.view.ViewGroup/android.view.ViewGroup[2]/android.widget.EditText'</msg>
<status status="PASS" starttime="20211021 17:43:21.376" endtime="20211021 17:43:21.951"/>
</kw>
<kw name="Sleep" library="BuiltIn">
<arg>3</arg>
<doc>Pauses the test executed for the given time.</doc>
<msg timestamp="20211021 17:43:24.955" level="INFO">Slept 3 seconds</msg>
<status status="PASS" starttime="20211021 17:43:21.952" endtime="20211021 17:43:24.955"/>
</kw>
<kw name="Wait Until Page Contains" library="AppiumLibrary">
<arg>Kinoplex Osasco(em Osasco)</arg>
<doc>Waits until `text` appears on current page.</doc>
<status status="PASS" starttime="20211021 17:43:24.956" endtime="20211021 17:43:25.067"/>
</kw>
<kw name="Close Session" library="base" type="TEARDOWN">
<kw name="Capture Page Screenshot" library="AppiumLibrary">
<doc>Takes a screenshot of the current page and embeds it into the log.</doc>
<msg timestamp="20211021 17:43:25.255" level="INFO" html="true">&lt;/td&gt;&lt;/tr&gt;&lt;tr&gt;&lt;td colspan="3"&gt;&lt;a href="appium-screenshot-12.png"&gt;&lt;img src="appium-screenshot-12.png" width="800px"&gt;&lt;/a&gt;</msg>
<status status="PASS" starttime="20211021 17:43:25.067" endtime="20211021 17:43:25.255"/>
</kw>
<kw name="Close Application" library="AppiumLibrary">
<doc>Closes the current application and also close webdriver session.</doc>
<status status="PASS" starttime="20211021 17:43:25.255" endtime="20211021 17:43:25.632"/>
</kw>
<status status="PASS" starttime="20211021 17:43:25.067" endtime="20211021 17:43:25.632"/>
</kw>
<status status="PASS" starttime="20211021 17:43:07.493" endtime="20211021 17:43:25.633"/>
</test>
<status status="PASS" starttime="20211021 17:42:31.337" endtime="20211021 17:43:25.635"/>
</suite>
<suite id="s1-s6" name="Precos" source="C:\Scale\Kinoplexapp\tests\precos.robot">
<test id="s1-s6-t1" name="Consultar tela de preços">
<kw name="Open Session" library="base" type="SETUP">
<kw name="Set Appium Timeout" library="AppiumLibrary">
<arg>30</arg>
<doc>Sets the timeout in seconds used by various keywords.</doc>
<status status="PASS" starttime="20211021 17:43:25.642" endtime="20211021 17:43:25.642"/>
</kw>
<kw name="Open Application" library="AppiumLibrary">
<arg>http://localhost:4723/wd/hub</arg>
<arg>noReset=true</arg>
<arg>deviceName=Emulator</arg>
<arg>platformVersion=10</arg>
<arg>appPackage=com.kinoplex_app3</arg>
<arg>appActivity=MainActivity</arg>
<arg>platformName=android</arg>
<arg>udid=emulator-5554</arg>
<arg>app=${EXECDIR}/app/kinoplex.apk</arg>
<doc>Opens a new application to given Appium server.
Capabilities of appium server, Android and iOS,
Please check https://github.com/appium/appium/blob/master/docs/en/writing-running-appium/server-args.md
| *Option*            | *Man.* | *Description*     |
| remote_url          | Yes    | Appium server url |
| alias               | no     | alias             |</doc>
<status status="PASS" starttime="20211021 17:43:25.642" endtime="20211021 17:43:34.897"/>
</kw>
<status status="PASS" starttime="20211021 17:43:25.642" endtime="20211021 17:43:34.897"/>
</kw>
<kw name="Wait Until Page Contains" library="AppiumLibrary">
<arg>VER MAIS</arg>
<doc>Waits until `text` appears on current page.</doc>
<status status="PASS" starttime="20211021 17:43:34.898" endtime="20211021 17:43:38.157"/>
</kw>
<kw name="Click Text" library="AppiumLibrary">
<arg>PREÇOS</arg>
<doc>Click text identified by ``text``.</doc>
<status status="PASS" starttime="20211021 17:43:38.157" endtime="20211021 17:43:38.279"/>
</kw>
<kw name="Wait Until Page Contains" library="AppiumLibrary">
<arg>PREÇOS</arg>
<doc>Waits until `text` appears on current page.</doc>
<status status="PASS" starttime="20211021 17:43:38.279" endtime="20211021 17:43:38.423"/>
</kw>
<kw name="Wait Until Page Contains" library="AppiumLibrary">
<arg>SEMANA IRRESISTÍVEL</arg>
<doc>Waits until `text` appears on current page.</doc>
<status status="PASS" starttime="20211021 17:43:38.423" endtime="20211021 17:43:39.828"/>
</kw>
<kw name="Close Session" library="base" type="TEARDOWN">
<kw name="Capture Page Screenshot" library="AppiumLibrary">
<doc>Takes a screenshot of the current page and embeds it into the log.</doc>
<msg timestamp="20211021 17:43:40.034" level="INFO" html="true">&lt;/td&gt;&lt;/tr&gt;&lt;tr&gt;&lt;td colspan="3"&gt;&lt;a href="appium-screenshot-13.png"&gt;&lt;img src="appium-screenshot-13.png" width="800px"&gt;&lt;/a&gt;</msg>
<status status="PASS" starttime="20211021 17:43:39.829" endtime="20211021 17:43:40.034"/>
</kw>
<kw name="Close Application" library="AppiumLibrary">
<doc>Closes the current application and also close webdriver session.</doc>
<status status="PASS" starttime="20211021 17:43:40.034" endtime="20211021 17:43:40.397"/>
</kw>
<status status="PASS" starttime="20211021 17:43:39.829" endtime="20211021 17:43:40.398"/>
</kw>
<status status="PASS" starttime="20211021 17:43:25.641" endtime="20211021 17:43:40.398"/>
</test>
<status status="PASS" starttime="20211021 17:43:25.636" endtime="20211021 17:43:40.400"/>
</suite>
<status status="FAIL" starttime="20211021 17:39:12.538" endtime="20211021 17:43:40.401"/>
</suite>
<statistics>
<total>
<stat pass="11" fail="1" skip="0">All Tests</stat>
</total>
<tag>
</tag>
<suite>
<stat pass="11" fail="1" skip="0" id="s1" name="Tests">Tests</stat>
<stat pass="1" fail="0" skip="0" id="s1-s1" name="Cadastro">Tests.Cadastro</stat>
<stat pass="3" fail="0" skip="0" id="s1-s2" name="Cinemas">Tests.Cinemas</stat>
<stat pass="2" fail="0" skip="0" id="s1-s3" name="Filmes">Tests.Filmes</stat>
<stat pass="1" fail="1" skip="0" id="s1-s4" name="Login">Tests.Login</stat>
<stat pass="3" fail="0" skip="0" id="s1-s5" name="Pesquisar">Tests.Pesquisar</stat>
<stat pass="1" fail="0" skip="0" id="s1-s6" name="Precos">Tests.Precos</stat>
</suite>
</statistics>
<errors>
</errors>
</robot>
